Terminals unused in grammar

    TOKEN_COMMENT
    TOKEN_WHITESPACE


State 14 conflicts: 1 shift/reduce
State 63 conflicts: 1 shift/reduce


Grammar

    0 $accept: program $end

    1 program: TOKEN_CLASS TOKEN_PROGRAMCLASS TOKEN_LCB decl TOKEN_RCB

    2 decl: field_decl decl
    3     | decl_method

    4 decl_method: decl_method method_decl
    5            | method_decl

    6 field_decl: type id multi_field TOKEN_SEMICOLON

    7 multi_field: TOKEN_COMMA id multi_field
    8            | TOKEN_LB int_literal TOKEN_RB TOKEN_COMMA id multi_field
    9            | TOKEN_LB int_literal TOKEN_RB
   10            | %empty

   11 $@1: %empty

   12 method_decl: header $@1 func_name TOKEN_LP func_args TOKEN_RP block

   13 header: TOKEN_VOIDTYPE
   14       | type

   15 func_name: id
   16          | TOKEN_MAINFUNC

   17 func_args: arg
   18          | arg TOKEN_COMMA arg
   19          | arg TOKEN_COMMA arg TOKEN_COMMA arg
   20          | arg TOKEN_COMMA arg TOKEN_COMMA arg TOKEN_COMMA arg
   21          | %empty

   22 arg: type id

   23 block: TOKEN_LCB var_decl statement TOKEN_RCB

   24 var_decl: type multi_id TOKEN_SEMICOLON
   25         | %empty

   26 statement: location assign_op expr TOKEN_SEMICOLON
   27          | method_call TOKEN_SEMICOLON
   28          | TOKEN_IFCONDITION TOKEN_RP expr TOKEN_LP else_stmt
   29          | TOKEN_LOOP id TOKEN_ASSIGNOP_ASS expr TOKEN_COMMA expr block
   30          | TOKEN_RETURN ret_stmt TOKEN_SEMICOLON
   31          | TOKEN_BREAKSTMT TOKEN_SEMICOLON
   32          | TOKEN_CONTINUESTMT TOKEN_SEMICOLON
   33          | block
   34          | %empty

   35 ret_stmt: expr
   36         | %empty

   37 else_stmt: TOKEN_ELSECONDITION block
   38          | %empty

   39 location: id
   40         | id TOKEN_LB expr TOKEN_RB

   41 assign_op: TOKEN_ASSIGNOP_ASS
   42          | TOKEN_ASSIGNOP_ADD
   43          | TOKEN_ASSIGNOP_SUB

   44 expr: location
   45     | method_call
   46     | literal
   47     | expr TOKEN_ARITHMATICOP_ADD expr
   48     | expr TOKEN_ARITHMATICOP_SUB expr
   49     | expr TOKEN_ARITHMATICOP_MUL expr
   50     | expr TOKEN_ARITHMATICOP_DIV expr
   51     | expr TOKEN_ARITHMATICOP_REM expr
   52     | expr TOKEN_RELATIONOP_SE expr
   53     | expr TOKEN_RELATIONOP_S expr
   54     | expr TOKEN_RELATIONOP_B expr
   55     | expr TOKEN_RELATIONOP_BE expr
   56     | expr TOKEN_EQUALITYOP_E expr
   57     | expr TOKEN_EQUALITYOP_NE expr
   58     | expr TOKEN_CONDITIONOP_AND expr
   59     | expr TOKEN_CONDITIONOP_OR expr
   60     | TOKEN_ARITHMATICOP_SUB expr
   61     | TOKEN_LOGICOP expr
   62     | TOKEN_LP expr TOKEN_RP

   63 method_call: id TOKEN_LP multi_expr TOKEN_RP
   64            | TOKEN_CALLOUT TOKEN_LP string_literal multi_callout_args TOKEN_RP

   65 multi_expr: multi_expr_inner
   66           | %empty

   67 multi_expr_inner: expr
   68                 | expr TOKEN_COMMA multi_expr_inner

   69 multi_callout_args: TOKEN_COMMA multi_callout_args_inner
   70                   | %empty

   71 multi_callout_args_inner: callout_args
   72                         | callout_args TOKEN_COMMA multi_callout_args_inner

   73 callout_args: expr
   74             | string_literal

   75 type: TOKEN_INTTYPE
   76     | TOKEN_BOOLEANTYPE

   77 multi_id: id
   78         | id TOKEN_COMMA multi_id

   79 literal: int_literal
   80        | char_literal
   81        | bool_literal

   82 int_literal: decimal_literal
   83            | hex_literal

   84 id: TOKEN_ID

   85 decimal_literal: TOKEN_DECIMALCONST

   86 hex_literal: TOKEN_HEXADECIMALCONST

   87 bool_literal: TOKEN_BOOLEANCONST

   88 char_literal: TOKEN_CHARCONST

   89 string_literal: TOKEN_STRINGCONST


Terminals, with rules where they appear

    $end (0) 0
    error (256)
    TOKEN_CLASS <str> (258) 1
    TOKEN_PROGRAMCLASS <str> (259) 1
    TOKEN_ID <str> (260) 84
    TOKEN_INTTYPE <str> (261) 75
    TOKEN_BOOLEANTYPE <str> (262) 76
    TOKEN_VOIDTYPE <str> (263) 13
    TOKEN_MAINFUNC <str> (264) 16
    TOKEN_LP <str> (265) 12 28 62 63 64
    TOKEN_RP <str> (266) 12 28 62 63 64
    TOKEN_COMMA <str> (267) 7 8 18 19 20 29 68 69 72 78
    TOKEN_SEMICOLON <str> (268) 6 24 26 27 30 31 32
    TOKEN_IFCONDITION <str> (269) 28
    TOKEN_LOOP <str> (270) 29
    TOKEN_ASSIGNOP_ASS <str> (271) 29 41
    TOKEN_ASSIGNOP_ADD <str> (272) 42
    TOKEN_ASSIGNOP_SUB <str> (273) 43
    TOKEN_RETURN <str> (274) 30
    TOKEN_BREAKSTMT <str> (275) 31
    TOKEN_CONTINUESTMT <str> (276) 32
    TOKEN_LB <str> (277) 8 9 40
    TOKEN_RB <str> (278) 8 9 40
    TOKEN_LCB <str> (279) 1 23
    TOKEN_RCB <str> (280) 1 23
    TOKEN_CALLOUT <str> (281) 64
    TOKEN_ELSECONDITION <str> (282) 37
    TOKEN_ARITHMATICOP_ADD <str> (283) 47
    TOKEN_ARITHMATICOP_SUB <str> (284) 48 60
    TOKEN_ARITHMATICOP_DIV <str> (285) 50
    TOKEN_ARITHMATICOP_MUL <str> (286) 49
    TOKEN_ARITHMATICOP_REM <str> (287) 51
    TOKEN_RELATIONOP_SE <str> (288) 52
    TOKEN_RELATIONOP_S <str> (289) 53
    TOKEN_RELATIONOP_BE <str> (290) 55
    TOKEN_RELATIONOP_B <str> (291) 54
    TOKEN_EQUALITYOP_E <str> (292) 56
    TOKEN_EQUALITYOP_NE <str> (293) 57
    TOKEN_CONDITIONOP_AND <str> (294) 58
    TOKEN_CONDITIONOP_OR <str> (295) 59
    TOKEN_LOGICOP <str> (296) 61
    TOKEN_DECIMALCONST <str> (297) 85
    TOKEN_HEXADECIMALCONST <str> (298) 86
    TOKEN_BOOLEANCONST <str> (299) 87
    TOKEN_CHARCONST <str> (300) 88
    TOKEN_STRINGCONST <str> (301) 89
    TOKEN_COMMENT <str> (302)
    TOKEN_WHITESPACE <str> (303)


Nonterminals, with rules where they appear

    $accept (49)
        on left: 0
    program <str> (50)
        on left: 1
        on right: 0
    decl <str> (51)
        on left: 2 3
        on right: 1 2
    decl_method <str> (52)
        on left: 4 5
        on right: 3 4
    field_decl <str> (53)
        on left: 6
        on right: 2
    multi_field <str> (54)
        on left: 7 8 9 10
        on right: 6 7 8
    method_decl <str> (55)
        on left: 12
        on right: 4 5
    $@1 (56)
        on left: 11
        on right: 12
    header <str> (57)
        on left: 13 14
        on right: 12
    func_name <str> (58)
        on left: 15 16
        on right: 12
    func_args <str> (59)
        on left: 17 18 19 20 21
        on right: 12
    arg <str> (60)
        on left: 22
        on right: 17 18 19 20
    block <str> (61)
        on left: 23
        on right: 12 29 33 37
    var_decl <str> (62)
        on left: 24 25
        on right: 23
    statement <str> (63)
        on left: 26 27 28 29 30 31 32 33 34
        on right: 23
    ret_stmt <str> (64)
        on left: 35 36
        on right: 30
    else_stmt <str> (65)
        on left: 37 38
        on right: 28
    location <str> (66)
        on left: 39 40
        on right: 26 44
    assign_op <str> (67)
        on left: 41 42 43
        on right: 26
    expr <str> (68)
        on left: 44 45 46 47 48 49 50 51 52 53 54 55 56 57 58 59 60 61 62
        on right: 26 28 29 35 40 47 48 49 50 51 52 53 54 55 56 57 58 59 60 61 62 67 68 73
    method_call <str> (69)
        on left: 63 64
        on right: 27 45
    multi_expr <str> (70)
        on left: 65 66
        on right: 63
    multi_expr_inner <str> (71)
        on left: 67 68
        on right: 65 68
    multi_callout_args <str> (72)
        on left: 69 70
        on right: 64
    multi_callout_args_inner <str> (73)
        on left: 71 72
        on right: 69 72
    callout_args <str> (74)
        on left: 73 74
        on right: 71 72
    type <str> (75)
        on left: 75 76
        on right: 6 14 22 24
    multi_id <str> (76)
        on left: 77 78
        on right: 24 78
    literal <str> (77)
        on left: 79 80 81
        on right: 46
    int_literal <str> (78)
        on left: 82 83
        on right: 8 9 79
    id <str> (79)
        on left: 84
        on right: 6 7 8 15 22 29 39 40 63 77 78
    decimal_literal <str> (80)
        on left: 85
        on right: 82
    hex_literal <str> (81)
        on left: 86
        on right: 83
    bool_literal <str> (82)
        on left: 87
        on right: 81
    char_literal <str> (83)
        on left: 88
        on right: 80
    string_literal <str> (84)
        on left: 89
        on right: 64 74


State 0

    0 $accept: . program $end

    TOKEN_CLASS  shift, and go to state 1

    program  go to state 2


State 1

    1 program: TOKEN_CLASS . TOKEN_PROGRAMCLASS TOKEN_LCB decl TOKEN_RCB

    TOKEN_PROGRAMCLASS  shift, and go to state 3


State 2

    0 $accept: program . $end

    $end  shift, and go to state 4


State 3

    1 program: TOKEN_CLASS TOKEN_PROGRAMCLASS . TOKEN_LCB decl TOKEN_RCB

    TOKEN_LCB  shift, and go to state 5


State 4

    0 $accept: program $end .

    $default  accept


State 5

    1 program: TOKEN_CLASS TOKEN_PROGRAMCLASS TOKEN_LCB . decl TOKEN_RCB

    TOKEN_INTTYPE      shift, and go to state 6
    TOKEN_BOOLEANTYPE  shift, and go to state 7
    TOKEN_VOIDTYPE     shift, and go to state 8

    decl         go to state 9
    decl_method  go to state 10
    field_decl   go to state 11
    method_decl  go to state 12
    header       go to state 13
    type         go to state 14


State 6

   75 type: TOKEN_INTTYPE .

    $default  reduce using rule 75 (type)


State 7

   76 type: TOKEN_BOOLEANTYPE .

    $default  reduce using rule 76 (type)


State 8

   13 header: TOKEN_VOIDTYPE .

    $default  reduce using rule 13 (header)


State 9

    1 program: TOKEN_CLASS TOKEN_PROGRAMCLASS TOKEN_LCB decl . TOKEN_RCB

    TOKEN_RCB  shift, and go to state 15


State 10

    3 decl: decl_method .
    4 decl_method: decl_method . method_decl

    TOKEN_INTTYPE      shift, and go to state 6
    TOKEN_BOOLEANTYPE  shift, and go to state 7
    TOKEN_VOIDTYPE     shift, and go to state 8

    $default  reduce using rule 3 (decl)

    method_decl  go to state 16
    header       go to state 13
    type         go to state 17


State 11

    2 decl: field_decl . decl

    TOKEN_INTTYPE      shift, and go to state 6
    TOKEN_BOOLEANTYPE  shift, and go to state 7
    TOKEN_VOIDTYPE     shift, and go to state 8

    decl         go to state 18
    decl_method  go to state 10
    field_decl   go to state 11
    method_decl  go to state 12
    header       go to state 13
    type         go to state 14


State 12

    5 decl_method: method_decl .

    $default  reduce using rule 5 (decl_method)


State 13

   12 method_decl: header . $@1 func_name TOKEN_LP func_args TOKEN_RP block

    $default  reduce using rule 11 ($@1)

    $@1  go to state 19


State 14

    6 field_decl: type . id multi_field TOKEN_SEMICOLON
   14 header: type .

    TOKEN_ID  shift, and go to state 20

    TOKEN_ID  [reduce using rule 14 (header)]
    $default  reduce using rule 14 (header)

    id  go to state 21


State 15

    1 program: TOKEN_CLASS TOKEN_PROGRAMCLASS TOKEN_LCB decl TOKEN_RCB .

    $default  reduce using rule 1 (program)


State 16

    4 decl_method: decl_method method_decl .

    $default  reduce using rule 4 (decl_method)


State 17

   14 header: type .

    $default  reduce using rule 14 (header)


State 18

    2 decl: field_decl decl .

    $default  reduce using rule 2 (decl)


State 19

   12 method_decl: header $@1 . func_name TOKEN_LP func_args TOKEN_RP block

    TOKEN_ID        shift, and go to state 20
    TOKEN_MAINFUNC  shift, and go to state 22

    func_name  go to state 23
    id         go to state 24


State 20

   84 id: TOKEN_ID .

    $default  reduce using rule 84 (id)


State 21

    6 field_decl: type id . multi_field TOKEN_SEMICOLON

    TOKEN_COMMA  shift, and go to state 25
    TOKEN_LB     shift, and go to state 26

    $default  reduce using rule 10 (multi_field)

    multi_field  go to state 27


State 22

   16 func_name: TOKEN_MAINFUNC .

    $default  reduce using rule 16 (func_name)


State 23

   12 method_decl: header $@1 func_name . TOKEN_LP func_args TOKEN_RP block

    TOKEN_LP  shift, and go to state 28


State 24

   15 func_name: id .

    $default  reduce using rule 15 (func_name)


State 25

    7 multi_field: TOKEN_COMMA . id multi_field

    TOKEN_ID  shift, and go to state 20

    id  go to state 29


State 26

    8 multi_field: TOKEN_LB . int_literal TOKEN_RB TOKEN_COMMA id multi_field
    9            | TOKEN_LB . int_literal TOKEN_RB

    TOKEN_DECIMALCONST      shift, and go to state 30
    TOKEN_HEXADECIMALCONST  shift, and go to state 31

    int_literal      go to state 32
    decimal_literal  go to state 33
    hex_literal      go to state 34


State 27

    6 field_decl: type id multi_field . TOKEN_SEMICOLON

    TOKEN_SEMICOLON  shift, and go to state 35


State 28

   12 method_decl: header $@1 func_name TOKEN_LP . func_args TOKEN_RP block

    TOKEN_INTTYPE      shift, and go to state 6
    TOKEN_BOOLEANTYPE  shift, and go to state 7

    $default  reduce using rule 21 (func_args)

    func_args  go to state 36
    arg        go to state 37
    type       go to state 38


State 29

    7 multi_field: TOKEN_COMMA id . multi_field

    TOKEN_COMMA  shift, and go to state 25
    TOKEN_LB     shift, and go to state 26

    $default  reduce using rule 10 (multi_field)

    multi_field  go to state 39


State 30

   85 decimal_literal: TOKEN_DECIMALCONST .

    $default  reduce using rule 85 (decimal_literal)


State 31

   86 hex_literal: TOKEN_HEXADECIMALCONST .

    $default  reduce using rule 86 (hex_literal)


State 32

    8 multi_field: TOKEN_LB int_literal . TOKEN_RB TOKEN_COMMA id multi_field
    9            | TOKEN_LB int_literal . TOKEN_RB

    TOKEN_RB  shift, and go to state 40


State 33

   82 int_literal: decimal_literal .

    $default  reduce using rule 82 (int_literal)


State 34

   83 int_literal: hex_literal .

    $default  reduce using rule 83 (int_literal)


State 35

    6 field_decl: type id multi_field TOKEN_SEMICOLON .

    $default  reduce using rule 6 (field_decl)


State 36

   12 method_decl: header $@1 func_name TOKEN_LP func_args . TOKEN_RP block

    TOKEN_RP  shift, and go to state 41


State 37

   17 func_args: arg .
   18          | arg . TOKEN_COMMA arg
   19          | arg . TOKEN_COMMA arg TOKEN_COMMA arg
   20          | arg . TOKEN_COMMA arg TOKEN_COMMA arg TOKEN_COMMA arg

    TOKEN_COMMA  shift, and go to state 42

    $default  reduce using rule 17 (func_args)


State 38

   22 arg: type . id

    TOKEN_ID  shift, and go to state 20

    id  go to state 43


State 39

    7 multi_field: TOKEN_COMMA id multi_field .

    $default  reduce using rule 7 (multi_field)


State 40

    8 multi_field: TOKEN_LB int_literal TOKEN_RB . TOKEN_COMMA id multi_field
    9            | TOKEN_LB int_literal TOKEN_RB .

    TOKEN_COMMA  shift, and go to state 44

    $default  reduce using rule 9 (multi_field)


State 41

   12 method_decl: header $@1 func_name TOKEN_LP func_args TOKEN_RP . block

    TOKEN_LCB  shift, and go to state 45

    block  go to state 46


State 42

   18 func_args: arg TOKEN_COMMA . arg
   19          | arg TOKEN_COMMA . arg TOKEN_COMMA arg
   20          | arg TOKEN_COMMA . arg TOKEN_COMMA arg TOKEN_COMMA arg

    TOKEN_INTTYPE      shift, and go to state 6
    TOKEN_BOOLEANTYPE  shift, and go to state 7

    arg   go to state 47
    type  go to state 38


State 43

   22 arg: type id .

    $default  reduce using rule 22 (arg)


State 44

    8 multi_field: TOKEN_LB int_literal TOKEN_RB TOKEN_COMMA . id multi_field

    TOKEN_ID  shift, and go to state 20

    id  go to state 48


State 45

   23 block: TOKEN_LCB . var_decl statement TOKEN_RCB

    TOKEN_INTTYPE      shift, and go to state 6
    TOKEN_BOOLEANTYPE  shift, and go to state 7

    $default  reduce using rule 25 (var_decl)

    var_decl  go to state 49
    type      go to state 50


State 46

   12 method_decl: header $@1 func_name TOKEN_LP func_args TOKEN_RP block .

    $default  reduce using rule 12 (method_decl)


State 47

   18 func_args: arg TOKEN_COMMA arg .
   19          | arg TOKEN_COMMA arg . TOKEN_COMMA arg
   20          | arg TOKEN_COMMA arg . TOKEN_COMMA arg TOKEN_COMMA arg

    TOKEN_COMMA  shift, and go to state 51

    $default  reduce using rule 18 (func_args)


State 48

    8 multi_field: TOKEN_LB int_literal TOKEN_RB TOKEN_COMMA id . multi_field

    TOKEN_COMMA  shift, and go to state 25
    TOKEN_LB     shift, and go to state 26

    $default  reduce using rule 10 (multi_field)

    multi_field  go to state 52


State 49

   23 block: TOKEN_LCB var_decl . statement TOKEN_RCB

    TOKEN_ID            shift, and go to state 20
    TOKEN_IFCONDITION   shift, and go to state 53
    TOKEN_LOOP          shift, and go to state 54
    TOKEN_RETURN        shift, and go to state 55
    TOKEN_BREAKSTMT     shift, and go to state 56
    TOKEN_CONTINUESTMT  shift, and go to state 57
    TOKEN_LCB           shift, and go to state 45
    TOKEN_CALLOUT       shift, and go to state 58

    $default  reduce using rule 34 (statement)

    block        go to state 59
    statement    go to state 60
    location     go to state 61
    method_call  go to state 62
    id           go to state 63


State 50

   24 var_decl: type . multi_id TOKEN_SEMICOLON

    TOKEN_ID  shift, and go to state 20

    multi_id  go to state 64
    id        go to state 65


State 51

   19 func_args: arg TOKEN_COMMA arg TOKEN_COMMA . arg
   20          | arg TOKEN_COMMA arg TOKEN_COMMA . arg TOKEN_COMMA arg

    TOKEN_INTTYPE      shift, and go to state 6
    TOKEN_BOOLEANTYPE  shift, and go to state 7

    arg   go to state 66
    type  go to state 38


State 52

    8 multi_field: TOKEN_LB int_literal TOKEN_RB TOKEN_COMMA id multi_field .

    $default  reduce using rule 8 (multi_field)


State 53

   28 statement: TOKEN_IFCONDITION . TOKEN_RP expr TOKEN_LP else_stmt

    TOKEN_RP  shift, and go to state 67


State 54

   29 statement: TOKEN_LOOP . id TOKEN_ASSIGNOP_ASS expr TOKEN_COMMA expr block

    TOKEN_ID  shift, and go to state 20

    id  go to state 68


State 55

   30 statement: TOKEN_RETURN . ret_stmt TOKEN_SEMICOLON

    TOKEN_ID                shift, and go to state 20
    TOKEN_LP                shift, and go to state 69
    TOKEN_CALLOUT           shift, and go to state 58
    TOKEN_ARITHMATICOP_SUB  shift, and go to state 70
    TOKEN_LOGICOP           shift, and go to state 71
    TOKEN_DECIMALCONST      shift, and go to state 30
    TOKEN_HEXADECIMALCONST  shift, and go to state 31
    TOKEN_BOOLEANCONST      shift, and go to state 72
    TOKEN_CHARCONST         shift, and go to state 73

    $default  reduce using rule 36 (ret_stmt)

    ret_stmt         go to state 74
    location         go to state 75
    expr             go to state 76
    method_call      go to state 77
    literal          go to state 78
    int_literal      go to state 79
    id               go to state 63
    decimal_literal  go to state 33
    hex_literal      go to state 34
    bool_literal     go to state 80
    char_literal     go to state 81


State 56

   31 statement: TOKEN_BREAKSTMT . TOKEN_SEMICOLON

    TOKEN_SEMICOLON  shift, and go to state 82


State 57

   32 statement: TOKEN_CONTINUESTMT . TOKEN_SEMICOLON

    TOKEN_SEMICOLON  shift, and go to state 83


State 58

   64 method_call: TOKEN_CALLOUT . TOKEN_LP string_literal multi_callout_args TOKEN_RP

    TOKEN_LP  shift, and go to state 84


State 59

   33 statement: block .

    $default  reduce using rule 33 (statement)


State 60

   23 block: TOKEN_LCB var_decl statement . TOKEN_RCB

    TOKEN_RCB  shift, and go to state 85


State 61

   26 statement: location . assign_op expr TOKEN_SEMICOLON

    TOKEN_ASSIGNOP_ASS  shift, and go to state 86
    TOKEN_ASSIGNOP_ADD  shift, and go to state 87
    TOKEN_ASSIGNOP_SUB  shift, and go to state 88

    assign_op  go to state 89


State 62

   27 statement: method_call . TOKEN_SEMICOLON

    TOKEN_SEMICOLON  shift, and go to state 90


State 63

   39 location: id .
   40         | id . TOKEN_LB expr TOKEN_RB
   63 method_call: id . TOKEN_LP multi_expr TOKEN_RP

    TOKEN_LP  shift, and go to state 91
    TOKEN_LB  shift, and go to state 92

    TOKEN_LP  [reduce using rule 39 (location)]
    $default  reduce using rule 39 (location)


State 64

   24 var_decl: type multi_id . TOKEN_SEMICOLON

    TOKEN_SEMICOLON  shift, and go to state 93


State 65

   77 multi_id: id .
   78         | id . TOKEN_COMMA multi_id

    TOKEN_COMMA  shift, and go to state 94

    $default  reduce using rule 77 (multi_id)


State 66

   19 func_args: arg TOKEN_COMMA arg TOKEN_COMMA arg .
   20          | arg TOKEN_COMMA arg TOKEN_COMMA arg . TOKEN_COMMA arg

    TOKEN_COMMA  shift, and go to state 95

    $default  reduce using rule 19 (func_args)


State 67

   28 statement: TOKEN_IFCONDITION TOKEN_RP . expr TOKEN_LP else_stmt

    TOKEN_ID                shift, and go to state 20
    TOKEN_LP                shift, and go to state 69
    TOKEN_CALLOUT           shift, and go to state 58
    TOKEN_ARITHMATICOP_SUB  shift, and go to state 70
    TOKEN_LOGICOP           shift, and go to state 71
    TOKEN_DECIMALCONST      shift, and go to state 30
    TOKEN_HEXADECIMALCONST  shift, and go to state 31
    TOKEN_BOOLEANCONST      shift, and go to state 72
    TOKEN_CHARCONST         shift, and go to state 73

    location         go to state 75
    expr             go to state 96
    method_call      go to state 77
    literal          go to state 78
    int_literal      go to state 79
    id               go to state 63
    decimal_literal  go to state 33
    hex_literal      go to state 34
    bool_literal     go to state 80
    char_literal     go to state 81


State 68

   29 statement: TOKEN_LOOP id . TOKEN_ASSIGNOP_ASS expr TOKEN_COMMA expr block

    TOKEN_ASSIGNOP_ASS  shift, and go to state 97


State 69

   62 expr: TOKEN_LP . expr TOKEN_RP

    TOKEN_ID                shift, and go to state 20
    TOKEN_LP                shift, and go to state 69
    TOKEN_CALLOUT           shift, and go to state 58
    TOKEN_ARITHMATICOP_SUB  shift, and go to state 70
    TOKEN_LOGICOP           shift, and go to state 71
    TOKEN_DECIMALCONST      shift, and go to state 30
    TOKEN_HEXADECIMALCONST  shift, and go to state 31
    TOKEN_BOOLEANCONST      shift, and go to state 72
    TOKEN_CHARCONST         shift, and go to state 73

    location         go to state 75
    expr             go to state 98
    method_call      go to state 77
    literal          go to state 78
    int_literal      go to state 79
    id               go to state 63
    decimal_literal  go to state 33
    hex_literal      go to state 34
    bool_literal     go to state 80
    char_literal     go to state 81


State 70

   60 expr: TOKEN_ARITHMATICOP_SUB . expr

    TOKEN_ID                shift, and go to state 20
    TOKEN_LP                shift, and go to state 69
    TOKEN_CALLOUT           shift, and go to state 58
    TOKEN_ARITHMATICOP_SUB  shift, and go to state 70
    TOKEN_LOGICOP           shift, and go to state 71
    TOKEN_DECIMALCONST      shift, and go to state 30
    TOKEN_HEXADECIMALCONST  shift, and go to state 31
    TOKEN_BOOLEANCONST      shift, and go to state 72
    TOKEN_CHARCONST         shift, and go to state 73

    location         go to state 75
    expr             go to state 99
    method_call      go to state 77
    literal          go to state 78
    int_literal      go to state 79
    id               go to state 63
    decimal_literal  go to state 33
    hex_literal      go to state 34
    bool_literal     go to state 80
    char_literal     go to state 81


State 71

   61 expr: TOKEN_LOGICOP . expr

    TOKEN_ID                shift, and go to state 20
    TOKEN_LP                shift, and go to state 69
    TOKEN_CALLOUT           shift, and go to state 58
    TOKEN_ARITHMATICOP_SUB  shift, and go to state 70
    TOKEN_LOGICOP           shift, and go to state 71
    TOKEN_DECIMALCONST      shift, and go to state 30
    TOKEN_HEXADECIMALCONST  shift, and go to state 31
    TOKEN_BOOLEANCONST      shift, and go to state 72
    TOKEN_CHARCONST         shift, and go to state 73

    location         go to state 75
    expr             go to state 100
    method_call      go to state 77
    literal          go to state 78
    int_literal      go to state 79
    id               go to state 63
    decimal_literal  go to state 33
    hex_literal      go to state 34
    bool_literal     go to state 80
    char_literal     go to state 81


State 72

   87 bool_literal: TOKEN_BOOLEANCONST .

    $default  reduce using rule 87 (bool_literal)


State 73

   88 char_literal: TOKEN_CHARCONST .

    $default  reduce using rule 88 (char_literal)


State 74

   30 statement: TOKEN_RETURN ret_stmt . TOKEN_SEMICOLON

    TOKEN_SEMICOLON  shift, and go to state 101


State 75

   44 expr: location .

    $default  reduce using rule 44 (expr)


State 76

   35 ret_stmt: expr .
   47 expr: expr . TOKEN_ARITHMATICOP_ADD expr
   48     | expr . TOKEN_ARITHMATICOP_SUB expr
   49     | expr . TOKEN_ARITHMATICOP_MUL expr
   50     | expr . TOKEN_ARITHMATICOP_DIV expr
   51     | expr . TOKEN_ARITHMATICOP_REM expr
   52     | expr . TOKEN_RELATIONOP_SE expr
   53     | expr . TOKEN_RELATIONOP_S expr
   54     | expr . TOKEN_RELATIONOP_B expr
   55     | expr . TOKEN_RELATIONOP_BE expr
   56     | expr . TOKEN_EQUALITYOP_E expr
   57     | expr . TOKEN_EQUALITYOP_NE expr
   58     | expr . TOKEN_CONDITIONOP_AND expr
   59     | expr . TOKEN_CONDITIONOP_OR expr

    TOKEN_ARITHMATICOP_ADD  shift, and go to state 102
    TOKEN_ARITHMATICOP_SUB  shift, and go to state 103
    TOKEN_ARITHMATICOP_DIV  shift, and go to state 104
    TOKEN_ARITHMATICOP_MUL  shift, and go to state 105
    TOKEN_ARITHMATICOP_REM  shift, and go to state 106
    TOKEN_RELATIONOP_SE     shift, and go to state 107
    TOKEN_RELATIONOP_S      shift, and go to state 108
    TOKEN_RELATIONOP_BE     shift, and go to state 109
    TOKEN_RELATIONOP_B      shift, and go to state 110
    TOKEN_EQUALITYOP_E      shift, and go to state 111
    TOKEN_EQUALITYOP_NE     shift, and go to state 112
    TOKEN_CONDITIONOP_AND   shift, and go to state 113
    TOKEN_CONDITIONOP_OR    shift, and go to state 114

    $default  reduce using rule 35 (ret_stmt)


State 77

   45 expr: method_call .

    $default  reduce using rule 45 (expr)


State 78

   46 expr: literal .

    $default  reduce using rule 46 (expr)


State 79

   79 literal: int_literal .

    $default  reduce using rule 79 (literal)


State 80

   81 literal: bool_literal .

    $default  reduce using rule 81 (literal)


State 81

   80 literal: char_literal .

    $default  reduce using rule 80 (literal)


State 82

   31 statement: TOKEN_BREAKSTMT TOKEN_SEMICOLON .

    $default  reduce using rule 31 (statement)


State 83

   32 statement: TOKEN_CONTINUESTMT TOKEN_SEMICOLON .

    $default  reduce using rule 32 (statement)


State 84

   64 method_call: TOKEN_CALLOUT TOKEN_LP . string_literal multi_callout_args TOKEN_RP

    TOKEN_STRINGCONST  shift, and go to state 115

    string_literal  go to state 116


State 85

   23 block: TOKEN_LCB var_decl statement TOKEN_RCB .

    $default  reduce using rule 23 (block)


State 86

   41 assign_op: TOKEN_ASSIGNOP_ASS .

    $default  reduce using rule 41 (assign_op)


State 87

   42 assign_op: TOKEN_ASSIGNOP_ADD .

    $default  reduce using rule 42 (assign_op)


State 88

   43 assign_op: TOKEN_ASSIGNOP_SUB .

    $default  reduce using rule 43 (assign_op)


State 89

   26 statement: location assign_op . expr TOKEN_SEMICOLON

    TOKEN_ID                shift, and go to state 20
    TOKEN_LP                shift, and go to state 69
    TOKEN_CALLOUT           shift, and go to state 58
    TOKEN_ARITHMATICOP_SUB  shift, and go to state 70
    TOKEN_LOGICOP           shift, and go to state 71
    TOKEN_DECIMALCONST      shift, and go to state 30
    TOKEN_HEXADECIMALCONST  shift, and go to state 31
    TOKEN_BOOLEANCONST      shift, and go to state 72
    TOKEN_CHARCONST         shift, and go to state 73

    location         go to state 75
    expr             go to state 117
    method_call      go to state 77
    literal          go to state 78
    int_literal      go to state 79
    id               go to state 63
    decimal_literal  go to state 33
    hex_literal      go to state 34
    bool_literal     go to state 80
    char_literal     go to state 81


State 90

   27 statement: method_call TOKEN_SEMICOLON .

    $default  reduce using rule 27 (statement)


State 91

   63 method_call: id TOKEN_LP . multi_expr TOKEN_RP

    TOKEN_ID                shift, and go to state 20
    TOKEN_LP                shift, and go to state 69
    TOKEN_CALLOUT           shift, and go to state 58
    TOKEN_ARITHMATICOP_SUB  shift, and go to state 70
    TOKEN_LOGICOP           shift, and go to state 71
    TOKEN_DECIMALCONST      shift, and go to state 30
    TOKEN_HEXADECIMALCONST  shift, and go to state 31
    TOKEN_BOOLEANCONST      shift, and go to state 72
    TOKEN_CHARCONST         shift, and go to state 73

    $default  reduce using rule 66 (multi_expr)

    location          go to state 75
    expr              go to state 118
    method_call       go to state 77
    multi_expr        go to state 119
    multi_expr_inner  go to state 120
    literal           go to state 78
    int_literal       go to state 79
    id                go to state 63
    decimal_literal   go to state 33
    hex_literal       go to state 34
    bool_literal      go to state 80
    char_literal      go to state 81


State 92

   40 location: id TOKEN_LB . expr TOKEN_RB

    TOKEN_ID                shift, and go to state 20
    TOKEN_LP                shift, and go to state 69
    TOKEN_CALLOUT           shift, and go to state 58
    TOKEN_ARITHMATICOP_SUB  shift, and go to state 70
    TOKEN_LOGICOP           shift, and go to state 71
    TOKEN_DECIMALCONST      shift, and go to state 30
    TOKEN_HEXADECIMALCONST  shift, and go to state 31
    TOKEN_BOOLEANCONST      shift, and go to state 72
    TOKEN_CHARCONST         shift, and go to state 73

    location         go to state 75
    expr             go to state 121
    method_call      go to state 77
    literal          go to state 78
    int_literal      go to state 79
    id               go to state 63
    decimal_literal  go to state 33
    hex_literal      go to state 34
    bool_literal     go to state 80
    char_literal     go to state 81


State 93

   24 var_decl: type multi_id TOKEN_SEMICOLON .

    $default  reduce using rule 24 (var_decl)


State 94

   78 multi_id: id TOKEN_COMMA . multi_id

    TOKEN_ID  shift, and go to state 20

    multi_id  go to state 122
    id        go to state 65


State 95

   20 func_args: arg TOKEN_COMMA arg TOKEN_COMMA arg TOKEN_COMMA . arg

    TOKEN_INTTYPE      shift, and go to state 6
    TOKEN_BOOLEANTYPE  shift, and go to state 7

    arg   go to state 123
    type  go to state 38


State 96

   28 statement: TOKEN_IFCONDITION TOKEN_RP expr . TOKEN_LP else_stmt
   47 expr: expr . TOKEN_ARITHMATICOP_ADD expr
   48     | expr . TOKEN_ARITHMATICOP_SUB expr
   49     | expr . TOKEN_ARITHMATICOP_MUL expr
   50     | expr . TOKEN_ARITHMATICOP_DIV expr
   51     | expr . TOKEN_ARITHMATICOP_REM expr
   52     | expr . TOKEN_RELATIONOP_SE expr
   53     | expr . TOKEN_RELATIONOP_S expr
   54     | expr . TOKEN_RELATIONOP_B expr
   55     | expr . TOKEN_RELATIONOP_BE expr
   56     | expr . TOKEN_EQUALITYOP_E expr
   57     | expr . TOKEN_EQUALITYOP_NE expr
   58     | expr . TOKEN_CONDITIONOP_AND expr
   59     | expr . TOKEN_CONDITIONOP_OR expr

    TOKEN_LP                shift, and go to state 124
    TOKEN_ARITHMATICOP_ADD  shift, and go to state 102
    TOKEN_ARITHMATICOP_SUB  shift, and go to state 103
    TOKEN_ARITHMATICOP_DIV  shift, and go to state 104
    TOKEN_ARITHMATICOP_MUL  shift, and go to state 105
    TOKEN_ARITHMATICOP_REM  shift, and go to state 106
    TOKEN_RELATIONOP_SE     shift, and go to state 107
    TOKEN_RELATIONOP_S      shift, and go to state 108
    TOKEN_RELATIONOP_BE     shift, and go to state 109
    TOKEN_RELATIONOP_B      shift, and go to state 110
    TOKEN_EQUALITYOP_E      shift, and go to state 111
    TOKEN_EQUALITYOP_NE     shift, and go to state 112
    TOKEN_CONDITIONOP_AND   shift, and go to state 113
    TOKEN_CONDITIONOP_OR    shift, and go to state 114


State 97

   29 statement: TOKEN_LOOP id TOKEN_ASSIGNOP_ASS . expr TOKEN_COMMA expr block

    TOKEN_ID                shift, and go to state 20
    TOKEN_LP                shift, and go to state 69
    TOKEN_CALLOUT           shift, and go to state 58
    TOKEN_ARITHMATICOP_SUB  shift, and go to state 70
    TOKEN_LOGICOP           shift, and go to state 71
    TOKEN_DECIMALCONST      shift, and go to state 30
    TOKEN_HEXADECIMALCONST  shift, and go to state 31
    TOKEN_BOOLEANCONST      shift, and go to state 72
    TOKEN_CHARCONST         shift, and go to state 73

    location         go to state 75
    expr             go to state 125
    method_call      go to state 77
    literal          go to state 78
    int_literal      go to state 79
    id               go to state 63
    decimal_literal  go to state 33
    hex_literal      go to state 34
    bool_literal     go to state 80
    char_literal     go to state 81


State 98

   47 expr: expr . TOKEN_ARITHMATICOP_ADD expr
   48     | expr . TOKEN_ARITHMATICOP_SUB expr
   49     | expr . TOKEN_ARITHMATICOP_MUL expr
   50     | expr . TOKEN_ARITHMATICOP_DIV expr
   51     | expr . TOKEN_ARITHMATICOP_REM expr
   52     | expr . TOKEN_RELATIONOP_SE expr
   53     | expr . TOKEN_RELATIONOP_S expr
   54     | expr . TOKEN_RELATIONOP_B expr
   55     | expr . TOKEN_RELATIONOP_BE expr
   56     | expr . TOKEN_EQUALITYOP_E expr
   57     | expr . TOKEN_EQUALITYOP_NE expr
   58     | expr . TOKEN_CONDITIONOP_AND expr
   59     | expr . TOKEN_CONDITIONOP_OR expr
   62     | TOKEN_LP expr . TOKEN_RP

    TOKEN_RP                shift, and go to state 126
    TOKEN_ARITHMATICOP_ADD  shift, and go to state 102
    TOKEN_ARITHMATICOP_SUB  shift, and go to state 103
    TOKEN_ARITHMATICOP_DIV  shift, and go to state 104
    TOKEN_ARITHMATICOP_MUL  shift, and go to state 105
    TOKEN_ARITHMATICOP_REM  shift, and go to state 106
    TOKEN_RELATIONOP_SE     shift, and go to state 107
    TOKEN_RELATIONOP_S      shift, and go to state 108
    TOKEN_RELATIONOP_BE     shift, and go to state 109
    TOKEN_RELATIONOP_B      shift, and go to state 110
    TOKEN_EQUALITYOP_E      shift, and go to state 111
    TOKEN_EQUALITYOP_NE     shift, and go to state 112
    TOKEN_CONDITIONOP_AND   shift, and go to state 113
    TOKEN_CONDITIONOP_OR    shift, and go to state 114


State 99

   47 expr: expr . TOKEN_ARITHMATICOP_ADD expr
   48     | expr . TOKEN_ARITHMATICOP_SUB expr
   49     | expr . TOKEN_ARITHMATICOP_MUL expr
   50     | expr . TOKEN_ARITHMATICOP_DIV expr
   51     | expr . TOKEN_ARITHMATICOP_REM expr
   52     | expr . TOKEN_RELATIONOP_SE expr
   53     | expr . TOKEN_RELATIONOP_S expr
   54     | expr . TOKEN_RELATIONOP_B expr
   55     | expr . TOKEN_RELATIONOP_BE expr
   56     | expr . TOKEN_EQUALITYOP_E expr
   57     | expr . TOKEN_EQUALITYOP_NE expr
   58     | expr . TOKEN_CONDITIONOP_AND expr
   59     | expr . TOKEN_CONDITIONOP_OR expr
   60     | TOKEN_ARITHMATICOP_SUB expr .

    TOKEN_ARITHMATICOP_REM  shift, and go to state 106
    TOKEN_RELATIONOP_SE     shift, and go to state 107
    TOKEN_RELATIONOP_S      shift, and go to state 108
    TOKEN_RELATIONOP_BE     shift, and go to state 109
    TOKEN_RELATIONOP_B      shift, and go to state 110
    TOKEN_EQUALITYOP_E      shift, and go to state 111
    TOKEN_EQUALITYOP_NE     shift, and go to state 112

    $default  reduce using rule 60 (expr)


State 100

   47 expr: expr . TOKEN_ARITHMATICOP_ADD expr
   48     | expr . TOKEN_ARITHMATICOP_SUB expr
   49     | expr . TOKEN_ARITHMATICOP_MUL expr
   50     | expr . TOKEN_ARITHMATICOP_DIV expr
   51     | expr . TOKEN_ARITHMATICOP_REM expr
   52     | expr . TOKEN_RELATIONOP_SE expr
   53     | expr . TOKEN_RELATIONOP_S expr
   54     | expr . TOKEN_RELATIONOP_B expr
   55     | expr . TOKEN_RELATIONOP_BE expr
   56     | expr . TOKEN_EQUALITYOP_E expr
   57     | expr . TOKEN_EQUALITYOP_NE expr
   58     | expr . TOKEN_CONDITIONOP_AND expr
   59     | expr . TOKEN_CONDITIONOP_OR expr
   61     | TOKEN_LOGICOP expr .

    $default  reduce using rule 61 (expr)


State 101

   30 statement: TOKEN_RETURN ret_stmt TOKEN_SEMICOLON .

    $default  reduce using rule 30 (statement)


State 102

   47 expr: expr TOKEN_ARITHMATICOP_ADD . expr

    TOKEN_ID                shift, and go to state 20
    TOKEN_LP                shift, and go to state 69
    TOKEN_CALLOUT           shift, and go to state 58
    TOKEN_ARITHMATICOP_SUB  shift, and go to state 70
    TOKEN_LOGICOP           shift, and go to state 71
    TOKEN_DECIMALCONST      shift, and go to state 30
    TOKEN_HEXADECIMALCONST  shift, and go to state 31
    TOKEN_BOOLEANCONST      shift, and go to state 72
    TOKEN_CHARCONST         shift, and go to state 73

    location         go to state 75
    expr             go to state 127
    method_call      go to state 77
    literal          go to state 78
    int_literal      go to state 79
    id               go to state 63
    decimal_literal  go to state 33
    hex_literal      go to state 34
    bool_literal     go to state 80
    char_literal     go to state 81


State 103

   48 expr: expr TOKEN_ARITHMATICOP_SUB . expr

    TOKEN_ID                shift, and go to state 20
    TOKEN_LP                shift, and go to state 69
    TOKEN_CALLOUT           shift, and go to state 58
    TOKEN_ARITHMATICOP_SUB  shift, and go to state 70
    TOKEN_LOGICOP           shift, and go to state 71
    TOKEN_DECIMALCONST      shift, and go to state 30
    TOKEN_HEXADECIMALCONST  shift, and go to state 31
    TOKEN_BOOLEANCONST      shift, and go to state 72
    TOKEN_CHARCONST         shift, and go to state 73

    location         go to state 75
    expr             go to state 128
    method_call      go to state 77
    literal          go to state 78
    int_literal      go to state 79
    id               go to state 63
    decimal_literal  go to state 33
    hex_literal      go to state 34
    bool_literal     go to state 80
    char_literal     go to state 81


State 104

   50 expr: expr TOKEN_ARITHMATICOP_DIV . expr

    TOKEN_ID                shift, and go to state 20
    TOKEN_LP                shift, and go to state 69
    TOKEN_CALLOUT           shift, and go to state 58
    TOKEN_ARITHMATICOP_SUB  shift, and go to state 70
    TOKEN_LOGICOP           shift, and go to state 71
    TOKEN_DECIMALCONST      shift, and go to state 30
    TOKEN_HEXADECIMALCONST  shift, and go to state 31
    TOKEN_BOOLEANCONST      shift, and go to state 72
    TOKEN_CHARCONST         shift, and go to state 73

    location         go to state 75
    expr             go to state 129
    method_call      go to state 77
    literal          go to state 78
    int_literal      go to state 79
    id               go to state 63
    decimal_literal  go to state 33
    hex_literal      go to state 34
    bool_literal     go to state 80
    char_literal     go to state 81


State 105

   49 expr: expr TOKEN_ARITHMATICOP_MUL . expr

    TOKEN_ID                shift, and go to state 20
    TOKEN_LP                shift, and go to state 69
    TOKEN_CALLOUT           shift, and go to state 58
    TOKEN_ARITHMATICOP_SUB  shift, and go to state 70
    TOKEN_LOGICOP           shift, and go to state 71
    TOKEN_DECIMALCONST      shift, and go to state 30
    TOKEN_HEXADECIMALCONST  shift, and go to state 31
    TOKEN_BOOLEANCONST      shift, and go to state 72
    TOKEN_CHARCONST         shift, and go to state 73

    location         go to state 75
    expr             go to state 130
    method_call      go to state 77
    literal          go to state 78
    int_literal      go to state 79
    id               go to state 63
    decimal_literal  go to state 33
    hex_literal      go to state 34
    bool_literal     go to state 80
    char_literal     go to state 81


State 106

   51 expr: expr TOKEN_ARITHMATICOP_REM . expr

    TOKEN_ID                shift, and go to state 20
    TOKEN_LP                shift, and go to state 69
    TOKEN_CALLOUT           shift, and go to state 58
    TOKEN_ARITHMATICOP_SUB  shift, and go to state 70
    TOKEN_LOGICOP           shift, and go to state 71
    TOKEN_DECIMALCONST      shift, and go to state 30
    TOKEN_HEXADECIMALCONST  shift, and go to state 31
    TOKEN_BOOLEANCONST      shift, and go to state 72
    TOKEN_CHARCONST         shift, and go to state 73

    location         go to state 75
    expr             go to state 131
    method_call      go to state 77
    literal          go to state 78
    int_literal      go to state 79
    id               go to state 63
    decimal_literal  go to state 33
    hex_literal      go to state 34
    bool_literal     go to state 80
    char_literal     go to state 81


State 107

   52 expr: expr TOKEN_RELATIONOP_SE . expr

    TOKEN_ID                shift, and go to state 20
    TOKEN_LP                shift, and go to state 69
    TOKEN_CALLOUT           shift, and go to state 58
    TOKEN_ARITHMATICOP_SUB  shift, and go to state 70
    TOKEN_LOGICOP           shift, and go to state 71
    TOKEN_DECIMALCONST      shift, and go to state 30
    TOKEN_HEXADECIMALCONST  shift, and go to state 31
    TOKEN_BOOLEANCONST      shift, and go to state 72
    TOKEN_CHARCONST         shift, and go to state 73

    location         go to state 75
    expr             go to state 132
    method_call      go to state 77
    literal          go to state 78
    int_literal      go to state 79
    id               go to state 63
    decimal_literal  go to state 33
    hex_literal      go to state 34
    bool_literal     go to state 80
    char_literal     go to state 81


State 108

   53 expr: expr TOKEN_RELATIONOP_S . expr

    TOKEN_ID                shift, and go to state 20
    TOKEN_LP                shift, and go to state 69
    TOKEN_CALLOUT           shift, and go to state 58
    TOKEN_ARITHMATICOP_SUB  shift, and go to state 70
    TOKEN_LOGICOP           shift, and go to state 71
    TOKEN_DECIMALCONST      shift, and go to state 30
    TOKEN_HEXADECIMALCONST  shift, and go to state 31
    TOKEN_BOOLEANCONST      shift, and go to state 72
    TOKEN_CHARCONST         shift, and go to state 73

    location         go to state 75
    expr             go to state 133
    method_call      go to state 77
    literal          go to state 78
    int_literal      go to state 79
    id               go to state 63
    decimal_literal  go to state 33
    hex_literal      go to state 34
    bool_literal     go to state 80
    char_literal     go to state 81


State 109

   55 expr: expr TOKEN_RELATIONOP_BE . expr

    TOKEN_ID                shift, and go to state 20
    TOKEN_LP                shift, and go to state 69
    TOKEN_CALLOUT           shift, and go to state 58
    TOKEN_ARITHMATICOP_SUB  shift, and go to state 70
    TOKEN_LOGICOP           shift, and go to state 71
    TOKEN_DECIMALCONST      shift, and go to state 30
    TOKEN_HEXADECIMALCONST  shift, and go to state 31
    TOKEN_BOOLEANCONST      shift, and go to state 72
    TOKEN_CHARCONST         shift, and go to state 73

    location         go to state 75
    expr             go to state 134
    method_call      go to state 77
    literal          go to state 78
    int_literal      go to state 79
    id               go to state 63
    decimal_literal  go to state 33
    hex_literal      go to state 34
    bool_literal     go to state 80
    char_literal     go to state 81


State 110

   54 expr: expr TOKEN_RELATIONOP_B . expr

    TOKEN_ID                shift, and go to state 20
    TOKEN_LP                shift, and go to state 69
    TOKEN_CALLOUT           shift, and go to state 58
    TOKEN_ARITHMATICOP_SUB  shift, and go to state 70
    TOKEN_LOGICOP           shift, and go to state 71
    TOKEN_DECIMALCONST      shift, and go to state 30
    TOKEN_HEXADECIMALCONST  shift, and go to state 31
    TOKEN_BOOLEANCONST      shift, and go to state 72
    TOKEN_CHARCONST         shift, and go to state 73

    location         go to state 75
    expr             go to state 135
    method_call      go to state 77
    literal          go to state 78
    int_literal      go to state 79
    id               go to state 63
    decimal_literal  go to state 33
    hex_literal      go to state 34
    bool_literal     go to state 80
    char_literal     go to state 81


State 111

   56 expr: expr TOKEN_EQUALITYOP_E . expr

    TOKEN_ID                shift, and go to state 20
    TOKEN_LP                shift, and go to state 69
    TOKEN_CALLOUT           shift, and go to state 58
    TOKEN_ARITHMATICOP_SUB  shift, and go to state 70
    TOKEN_LOGICOP           shift, and go to state 71
    TOKEN_DECIMALCONST      shift, and go to state 30
    TOKEN_HEXADECIMALCONST  shift, and go to state 31
    TOKEN_BOOLEANCONST      shift, and go to state 72
    TOKEN_CHARCONST         shift, and go to state 73

    location         go to state 75
    expr             go to state 136
    method_call      go to state 77
    literal          go to state 78
    int_literal      go to state 79
    id               go to state 63
    decimal_literal  go to state 33
    hex_literal      go to state 34
    bool_literal     go to state 80
    char_literal     go to state 81


State 112

   57 expr: expr TOKEN_EQUALITYOP_NE . expr

    TOKEN_ID                shift, and go to state 20
    TOKEN_LP                shift, and go to state 69
    TOKEN_CALLOUT           shift, and go to state 58
    TOKEN_ARITHMATICOP_SUB  shift, and go to state 70
    TOKEN_LOGICOP           shift, and go to state 71
    TOKEN_DECIMALCONST      shift, and go to state 30
    TOKEN_HEXADECIMALCONST  shift, and go to state 31
    TOKEN_BOOLEANCONST      shift, and go to state 72
    TOKEN_CHARCONST         shift, and go to state 73

    location         go to state 75
    expr             go to state 137
    method_call      go to state 77
    literal          go to state 78
    int_literal      go to state 79
    id               go to state 63
    decimal_literal  go to state 33
    hex_literal      go to state 34
    bool_literal     go to state 80
    char_literal     go to state 81


State 113

   58 expr: expr TOKEN_CONDITIONOP_AND . expr

    TOKEN_ID                shift, and go to state 20
    TOKEN_LP                shift, and go to state 69
    TOKEN_CALLOUT           shift, and go to state 58
    TOKEN_ARITHMATICOP_SUB  shift, and go to state 70
    TOKEN_LOGICOP           shift, and go to state 71
    TOKEN_DECIMALCONST      shift, and go to state 30
    TOKEN_HEXADECIMALCONST  shift, and go to state 31
    TOKEN_BOOLEANCONST      shift, and go to state 72
    TOKEN_CHARCONST         shift, and go to state 73

    location         go to state 75
    expr             go to state 138
    method_call      go to state 77
    literal          go to state 78
    int_literal      go to state 79
    id               go to state 63
    decimal_literal  go to state 33
    hex_literal      go to state 34
    bool_literal     go to state 80
    char_literal     go to state 81


State 114

   59 expr: expr TOKEN_CONDITIONOP_OR . expr

    TOKEN_ID                shift, and go to state 20
    TOKEN_LP                shift, and go to state 69
    TOKEN_CALLOUT           shift, and go to state 58
    TOKEN_ARITHMATICOP_SUB  shift, and go to state 70
    TOKEN_LOGICOP           shift, and go to state 71
    TOKEN_DECIMALCONST      shift, and go to state 30
    TOKEN_HEXADECIMALCONST  shift, and go to state 31
    TOKEN_BOOLEANCONST      shift, and go to state 72
    TOKEN_CHARCONST         shift, and go to state 73

    location         go to state 75
    expr             go to state 139
    method_call      go to state 77
    literal          go to state 78
    int_literal      go to state 79
    id               go to state 63
    decimal_literal  go to state 33
    hex_literal      go to state 34
    bool_literal     go to state 80
    char_literal     go to state 81


State 115

   89 string_literal: TOKEN_STRINGCONST .

    $default  reduce using rule 89 (string_literal)


State 116

   64 method_call: TOKEN_CALLOUT TOKEN_LP string_literal . multi_callout_args TOKEN_RP

    TOKEN_COMMA  shift, and go to state 140

    $default  reduce using rule 70 (multi_callout_args)

    multi_callout_args  go to state 141


State 117

   26 statement: location assign_op expr . TOKEN_SEMICOLON
   47 expr: expr . TOKEN_ARITHMATICOP_ADD expr
   48     | expr . TOKEN_ARITHMATICOP_SUB expr
   49     | expr . TOKEN_ARITHMATICOP_MUL expr
   50     | expr . TOKEN_ARITHMATICOP_DIV expr
   51     | expr . TOKEN_ARITHMATICOP_REM expr
   52     | expr . TOKEN_RELATIONOP_SE expr
   53     | expr . TOKEN_RELATIONOP_S expr
   54     | expr . TOKEN_RELATIONOP_B expr
   55     | expr . TOKEN_RELATIONOP_BE expr
   56     | expr . TOKEN_EQUALITYOP_E expr
   57     | expr . TOKEN_EQUALITYOP_NE expr
   58     | expr . TOKEN_CONDITIONOP_AND expr
   59     | expr . TOKEN_CONDITIONOP_OR expr

    TOKEN_SEMICOLON         shift, and go to state 142
    TOKEN_ARITHMATICOP_ADD  shift, and go to state 102
    TOKEN_ARITHMATICOP_SUB  shift, and go to state 103
    TOKEN_ARITHMATICOP_DIV  shift, and go to state 104
    TOKEN_ARITHMATICOP_MUL  shift, and go to state 105
    TOKEN_ARITHMATICOP_REM  shift, and go to state 106
    TOKEN_RELATIONOP_SE     shift, and go to state 107
    TOKEN_RELATIONOP_S      shift, and go to state 108
    TOKEN_RELATIONOP_BE     shift, and go to state 109
    TOKEN_RELATIONOP_B      shift, and go to state 110
    TOKEN_EQUALITYOP_E      shift, and go to state 111
    TOKEN_EQUALITYOP_NE     shift, and go to state 112
    TOKEN_CONDITIONOP_AND   shift, and go to state 113
    TOKEN_CONDITIONOP_OR    shift, and go to state 114


State 118

   47 expr: expr . TOKEN_ARITHMATICOP_ADD expr
   48     | expr . TOKEN_ARITHMATICOP_SUB expr
   49     | expr . TOKEN_ARITHMATICOP_MUL expr
   50     | expr . TOKEN_ARITHMATICOP_DIV expr
   51     | expr . TOKEN_ARITHMATICOP_REM expr
   52     | expr . TOKEN_RELATIONOP_SE expr
   53     | expr . TOKEN_RELATIONOP_S expr
   54     | expr . TOKEN_RELATIONOP_B expr
   55     | expr . TOKEN_RELATIONOP_BE expr
   56     | expr . TOKEN_EQUALITYOP_E expr
   57     | expr . TOKEN_EQUALITYOP_NE expr
   58     | expr . TOKEN_CONDITIONOP_AND expr
   59     | expr . TOKEN_CONDITIONOP_OR expr
   67 multi_expr_inner: expr .
   68                 | expr . TOKEN_COMMA multi_expr_inner

    TOKEN_COMMA             shift, and go to state 143
    TOKEN_ARITHMATICOP_ADD  shift, and go to state 102
    TOKEN_ARITHMATICOP_SUB  shift, and go to state 103
    TOKEN_ARITHMATICOP_DIV  shift, and go to state 104
    TOKEN_ARITHMATICOP_MUL  shift, and go to state 105
    TOKEN_ARITHMATICOP_REM  shift, and go to state 106
    TOKEN_RELATIONOP_SE     shift, and go to state 107
    TOKEN_RELATIONOP_S      shift, and go to state 108
    TOKEN_RELATIONOP_BE     shift, and go to state 109
    TOKEN_RELATIONOP_B      shift, and go to state 110
    TOKEN_EQUALITYOP_E      shift, and go to state 111
    TOKEN_EQUALITYOP_NE     shift, and go to state 112
    TOKEN_CONDITIONOP_AND   shift, and go to state 113
    TOKEN_CONDITIONOP_OR    shift, and go to state 114

    $default  reduce using rule 67 (multi_expr_inner)


State 119

   63 method_call: id TOKEN_LP multi_expr . TOKEN_RP

    TOKEN_RP  shift, and go to state 144


State 120

   65 multi_expr: multi_expr_inner .

    $default  reduce using rule 65 (multi_expr)


State 121

   40 location: id TOKEN_LB expr . TOKEN_RB
   47 expr: expr . TOKEN_ARITHMATICOP_ADD expr
   48     | expr . TOKEN_ARITHMATICOP_SUB expr
   49     | expr . TOKEN_ARITHMATICOP_MUL expr
   50     | expr . TOKEN_ARITHMATICOP_DIV expr
   51     | expr . TOKEN_ARITHMATICOP_REM expr
   52     | expr . TOKEN_RELATIONOP_SE expr
   53     | expr . TOKEN_RELATIONOP_S expr
   54     | expr . TOKEN_RELATIONOP_B expr
   55     | expr . TOKEN_RELATIONOP_BE expr
   56     | expr . TOKEN_EQUALITYOP_E expr
   57     | expr . TOKEN_EQUALITYOP_NE expr
   58     | expr . TOKEN_CONDITIONOP_AND expr
   59     | expr . TOKEN_CONDITIONOP_OR expr

    TOKEN_RB                shift, and go to state 145
    TOKEN_ARITHMATICOP_ADD  shift, and go to state 102
    TOKEN_ARITHMATICOP_SUB  shift, and go to state 103
    TOKEN_ARITHMATICOP_DIV  shift, and go to state 104
    TOKEN_ARITHMATICOP_MUL  shift, and go to state 105
    TOKEN_ARITHMATICOP_REM  shift, and go to state 106
    TOKEN_RELATIONOP_SE     shift, and go to state 107
    TOKEN_RELATIONOP_S      shift, and go to state 108
    TOKEN_RELATIONOP_BE     shift, and go to state 109
    TOKEN_RELATIONOP_B      shift, and go to state 110
    TOKEN_EQUALITYOP_E      shift, and go to state 111
    TOKEN_EQUALITYOP_NE     shift, and go to state 112
    TOKEN_CONDITIONOP_AND   shift, and go to state 113
    TOKEN_CONDITIONOP_OR    shift, and go to state 114


State 122

   78 multi_id: id TOKEN_COMMA multi_id .

    $default  reduce using rule 78 (multi_id)


State 123

   20 func_args: arg TOKEN_COMMA arg TOKEN_COMMA arg TOKEN_COMMA arg .

    $default  reduce using rule 20 (func_args)


State 124

   28 statement: TOKEN_IFCONDITION TOKEN_RP expr TOKEN_LP . else_stmt

    TOKEN_ELSECONDITION  shift, and go to state 146

    $default  reduce using rule 38 (else_stmt)

    else_stmt  go to state 147


State 125

   29 statement: TOKEN_LOOP id TOKEN_ASSIGNOP_ASS expr . TOKEN_COMMA expr block
   47 expr: expr . TOKEN_ARITHMATICOP_ADD expr
   48     | expr . TOKEN_ARITHMATICOP_SUB expr
   49     | expr . TOKEN_ARITHMATICOP_MUL expr
   50     | expr . TOKEN_ARITHMATICOP_DIV expr
   51     | expr . TOKEN_ARITHMATICOP_REM expr
   52     | expr . TOKEN_RELATIONOP_SE expr
   53     | expr . TOKEN_RELATIONOP_S expr
   54     | expr . TOKEN_RELATIONOP_B expr
   55     | expr . TOKEN_RELATIONOP_BE expr
   56     | expr . TOKEN_EQUALITYOP_E expr
   57     | expr . TOKEN_EQUALITYOP_NE expr
   58     | expr . TOKEN_CONDITIONOP_AND expr
   59     | expr . TOKEN_CONDITIONOP_OR expr

    TOKEN_COMMA             shift, and go to state 148
    TOKEN_ARITHMATICOP_ADD  shift, and go to state 102
    TOKEN_ARITHMATICOP_SUB  shift, and go to state 103
    TOKEN_ARITHMATICOP_DIV  shift, and go to state 104
    TOKEN_ARITHMATICOP_MUL  shift, and go to state 105
    TOKEN_ARITHMATICOP_REM  shift, and go to state 106
    TOKEN_RELATIONOP_SE     shift, and go to state 107
    TOKEN_RELATIONOP_S      shift, and go to state 108
    TOKEN_RELATIONOP_BE     shift, and go to state 109
    TOKEN_RELATIONOP_B      shift, and go to state 110
    TOKEN_EQUALITYOP_E      shift, and go to state 111
    TOKEN_EQUALITYOP_NE     shift, and go to state 112
    TOKEN_CONDITIONOP_AND   shift, and go to state 113
    TOKEN_CONDITIONOP_OR    shift, and go to state 114


State 126

   62 expr: TOKEN_LP expr TOKEN_RP .

    $default  reduce using rule 62 (expr)


State 127

   47 expr: expr . TOKEN_ARITHMATICOP_ADD expr
   47     | expr TOKEN_ARITHMATICOP_ADD expr .
   48     | expr . TOKEN_ARITHMATICOP_SUB expr
   49     | expr . TOKEN_ARITHMATICOP_MUL expr
   50     | expr . TOKEN_ARITHMATICOP_DIV expr
   51     | expr . TOKEN_ARITHMATICOP_REM expr
   52     | expr . TOKEN_RELATIONOP_SE expr
   53     | expr . TOKEN_RELATIONOP_S expr
   54     | expr . TOKEN_RELATIONOP_B expr
   55     | expr . TOKEN_RELATIONOP_BE expr
   56     | expr . TOKEN_EQUALITYOP_E expr
   57     | expr . TOKEN_EQUALITYOP_NE expr
   58     | expr . TOKEN_CONDITIONOP_AND expr
   59     | expr . TOKEN_CONDITIONOP_OR expr

    TOKEN_ARITHMATICOP_REM  shift, and go to state 106
    TOKEN_RELATIONOP_SE     shift, and go to state 107
    TOKEN_RELATIONOP_S      shift, and go to state 108
    TOKEN_RELATIONOP_BE     shift, and go to state 109
    TOKEN_RELATIONOP_B      shift, and go to state 110
    TOKEN_EQUALITYOP_E      shift, and go to state 111
    TOKEN_EQUALITYOP_NE     shift, and go to state 112

    $default  reduce using rule 47 (expr)


State 128

   47 expr: expr . TOKEN_ARITHMATICOP_ADD expr
   48     | expr . TOKEN_ARITHMATICOP_SUB expr
   48     | expr TOKEN_ARITHMATICOP_SUB expr .
   49     | expr . TOKEN_ARITHMATICOP_MUL expr
   50     | expr . TOKEN_ARITHMATICOP_DIV expr
   51     | expr . TOKEN_ARITHMATICOP_REM expr
   52     | expr . TOKEN_RELATIONOP_SE expr
   53     | expr . TOKEN_RELATIONOP_S expr
   54     | expr . TOKEN_RELATIONOP_B expr
   55     | expr . TOKEN_RELATIONOP_BE expr
   56     | expr . TOKEN_EQUALITYOP_E expr
   57     | expr . TOKEN_EQUALITYOP_NE expr
   58     | expr . TOKEN_CONDITIONOP_AND expr
   59     | expr . TOKEN_CONDITIONOP_OR expr

    TOKEN_ARITHMATICOP_REM  shift, and go to state 106
    TOKEN_RELATIONOP_SE     shift, and go to state 107
    TOKEN_RELATIONOP_S      shift, and go to state 108
    TOKEN_RELATIONOP_BE     shift, and go to state 109
    TOKEN_RELATIONOP_B      shift, and go to state 110
    TOKEN_EQUALITYOP_E      shift, and go to state 111
    TOKEN_EQUALITYOP_NE     shift, and go to state 112

    $default  reduce using rule 48 (expr)


State 129

   47 expr: expr . TOKEN_ARITHMATICOP_ADD expr
   48     | expr . TOKEN_ARITHMATICOP_SUB expr
   49     | expr . TOKEN_ARITHMATICOP_MUL expr
   50     | expr . TOKEN_ARITHMATICOP_DIV expr
   50     | expr TOKEN_ARITHMATICOP_DIV expr .
   51     | expr . TOKEN_ARITHMATICOP_REM expr
   52     | expr . TOKEN_RELATIONOP_SE expr
   53     | expr . TOKEN_RELATIONOP_S expr
   54     | expr . TOKEN_RELATIONOP_B expr
   55     | expr . TOKEN_RELATIONOP_BE expr
   56     | expr . TOKEN_EQUALITYOP_E expr
   57     | expr . TOKEN_EQUALITYOP_NE expr
   58     | expr . TOKEN_CONDITIONOP_AND expr
   59     | expr . TOKEN_CONDITIONOP_OR expr

    TOKEN_ARITHMATICOP_ADD  shift, and go to state 102
    TOKEN_ARITHMATICOP_SUB  shift, and go to state 103
    TOKEN_ARITHMATICOP_REM  shift, and go to state 106
    TOKEN_RELATIONOP_SE     shift, and go to state 107
    TOKEN_RELATIONOP_S      shift, and go to state 108
    TOKEN_RELATIONOP_BE     shift, and go to state 109
    TOKEN_RELATIONOP_B      shift, and go to state 110
    TOKEN_EQUALITYOP_E      shift, and go to state 111
    TOKEN_EQUALITYOP_NE     shift, and go to state 112

    $default  reduce using rule 50 (expr)


State 130

   47 expr: expr . TOKEN_ARITHMATICOP_ADD expr
   48     | expr . TOKEN_ARITHMATICOP_SUB expr
   49     | expr . TOKEN_ARITHMATICOP_MUL expr
   49     | expr TOKEN_ARITHMATICOP_MUL expr .
   50     | expr . TOKEN_ARITHMATICOP_DIV expr
   51     | expr . TOKEN_ARITHMATICOP_REM expr
   52     | expr . TOKEN_RELATIONOP_SE expr
   53     | expr . TOKEN_RELATIONOP_S expr
   54     | expr . TOKEN_RELATIONOP_B expr
   55     | expr . TOKEN_RELATIONOP_BE expr
   56     | expr . TOKEN_EQUALITYOP_E expr
   57     | expr . TOKEN_EQUALITYOP_NE expr
   58     | expr . TOKEN_CONDITIONOP_AND expr
   59     | expr . TOKEN_CONDITIONOP_OR expr

    TOKEN_ARITHMATICOP_ADD  shift, and go to state 102
    TOKEN_ARITHMATICOP_SUB  shift, and go to state 103
    TOKEN_ARITHMATICOP_REM  shift, and go to state 106
    TOKEN_RELATIONOP_SE     shift, and go to state 107
    TOKEN_RELATIONOP_S      shift, and go to state 108
    TOKEN_RELATIONOP_BE     shift, and go to state 109
    TOKEN_RELATIONOP_B      shift, and go to state 110
    TOKEN_EQUALITYOP_E      shift, and go to state 111
    TOKEN_EQUALITYOP_NE     shift, and go to state 112

    $default  reduce using rule 49 (expr)


State 131

   47 expr: expr . TOKEN_ARITHMATICOP_ADD expr
   48     | expr . TOKEN_ARITHMATICOP_SUB expr
   49     | expr . TOKEN_ARITHMATICOP_MUL expr
   50     | expr . TOKEN_ARITHMATICOP_DIV expr
   51     | expr . TOKEN_ARITHMATICOP_REM expr
   51     | expr TOKEN_ARITHMATICOP_REM expr .
   52     | expr . TOKEN_RELATIONOP_SE expr
   53     | expr . TOKEN_RELATIONOP_S expr
   54     | expr . TOKEN_RELATIONOP_B expr
   55     | expr . TOKEN_RELATIONOP_BE expr
   56     | expr . TOKEN_EQUALITYOP_E expr
   57     | expr . TOKEN_EQUALITYOP_NE expr
   58     | expr . TOKEN_CONDITIONOP_AND expr
   59     | expr . TOKEN_CONDITIONOP_OR expr

    TOKEN_RELATIONOP_SE  shift, and go to state 107
    TOKEN_RELATIONOP_S   shift, and go to state 108
    TOKEN_RELATIONOP_BE  shift, and go to state 109
    TOKEN_RELATIONOP_B   shift, and go to state 110
    TOKEN_EQUALITYOP_E   shift, and go to state 111
    TOKEN_EQUALITYOP_NE  shift, and go to state 112

    $default  reduce using rule 51 (expr)


State 132

   47 expr: expr . TOKEN_ARITHMATICOP_ADD expr
   48     | expr . TOKEN_ARITHMATICOP_SUB expr
   49     | expr . TOKEN_ARITHMATICOP_MUL expr
   50     | expr . TOKEN_ARITHMATICOP_DIV expr
   51     | expr . TOKEN_ARITHMATICOP_REM expr
   52     | expr . TOKEN_RELATIONOP_SE expr
   52     | expr TOKEN_RELATIONOP_SE expr .
   53     | expr . TOKEN_RELATIONOP_S expr
   54     | expr . TOKEN_RELATIONOP_B expr
   55     | expr . TOKEN_RELATIONOP_BE expr
   56     | expr . TOKEN_EQUALITYOP_E expr
   57     | expr . TOKEN_EQUALITYOP_NE expr
   58     | expr . TOKEN_CONDITIONOP_AND expr
   59     | expr . TOKEN_CONDITIONOP_OR expr

    $default  reduce using rule 52 (expr)


State 133

   47 expr: expr . TOKEN_ARITHMATICOP_ADD expr
   48     | expr . TOKEN_ARITHMATICOP_SUB expr
   49     | expr . TOKEN_ARITHMATICOP_MUL expr
   50     | expr . TOKEN_ARITHMATICOP_DIV expr
   51     | expr . TOKEN_ARITHMATICOP_REM expr
   52     | expr . TOKEN_RELATIONOP_SE expr
   53     | expr . TOKEN_RELATIONOP_S expr
   53     | expr TOKEN_RELATIONOP_S expr .
   54     | expr . TOKEN_RELATIONOP_B expr
   55     | expr . TOKEN_RELATIONOP_BE expr
   56     | expr . TOKEN_EQUALITYOP_E expr
   57     | expr . TOKEN_EQUALITYOP_NE expr
   58     | expr . TOKEN_CONDITIONOP_AND expr
   59     | expr . TOKEN_CONDITIONOP_OR expr

    $default  reduce using rule 53 (expr)


State 134

   47 expr: expr . TOKEN_ARITHMATICOP_ADD expr
   48     | expr . TOKEN_ARITHMATICOP_SUB expr
   49     | expr . TOKEN_ARITHMATICOP_MUL expr
   50     | expr . TOKEN_ARITHMATICOP_DIV expr
   51     | expr . TOKEN_ARITHMATICOP_REM expr
   52     | expr . TOKEN_RELATIONOP_SE expr
   53     | expr . TOKEN_RELATIONOP_S expr
   54     | expr . TOKEN_RELATIONOP_B expr
   55     | expr . TOKEN_RELATIONOP_BE expr
   55     | expr TOKEN_RELATIONOP_BE expr .
   56     | expr . TOKEN_EQUALITYOP_E expr
   57     | expr . TOKEN_EQUALITYOP_NE expr
   58     | expr . TOKEN_CONDITIONOP_AND expr
   59     | expr . TOKEN_CONDITIONOP_OR expr

    $default  reduce using rule 55 (expr)


State 135

   47 expr: expr . TOKEN_ARITHMATICOP_ADD expr
   48     | expr . TOKEN_ARITHMATICOP_SUB expr
   49     | expr . TOKEN_ARITHMATICOP_MUL expr
   50     | expr . TOKEN_ARITHMATICOP_DIV expr
   51     | expr . TOKEN_ARITHMATICOP_REM expr
   52     | expr . TOKEN_RELATIONOP_SE expr
   53     | expr . TOKEN_RELATIONOP_S expr
   54     | expr . TOKEN_RELATIONOP_B expr
   54     | expr TOKEN_RELATIONOP_B expr .
   55     | expr . TOKEN_RELATIONOP_BE expr
   56     | expr . TOKEN_EQUALITYOP_E expr
   57     | expr . TOKEN_EQUALITYOP_NE expr
   58     | expr . TOKEN_CONDITIONOP_AND expr
   59     | expr . TOKEN_CONDITIONOP_OR expr

    $default  reduce using rule 54 (expr)


State 136

   47 expr: expr . TOKEN_ARITHMATICOP_ADD expr
   48     | expr . TOKEN_ARITHMATICOP_SUB expr
   49     | expr . TOKEN_ARITHMATICOP_MUL expr
   50     | expr . TOKEN_ARITHMATICOP_DIV expr
   51     | expr . TOKEN_ARITHMATICOP_REM expr
   52     | expr . TOKEN_RELATIONOP_SE expr
   53     | expr . TOKEN_RELATIONOP_S expr
   54     | expr . TOKEN_RELATIONOP_B expr
   55     | expr . TOKEN_RELATIONOP_BE expr
   56     | expr . TOKEN_EQUALITYOP_E expr
   56     | expr TOKEN_EQUALITYOP_E expr .
   57     | expr . TOKEN_EQUALITYOP_NE expr
   58     | expr . TOKEN_CONDITIONOP_AND expr
   59     | expr . TOKEN_CONDITIONOP_OR expr

    TOKEN_RELATIONOP_SE  shift, and go to state 107
    TOKEN_RELATIONOP_S   shift, and go to state 108
    TOKEN_RELATIONOP_BE  shift, and go to state 109
    TOKEN_RELATIONOP_B   shift, and go to state 110

    $default  reduce using rule 56 (expr)


State 137

   47 expr: expr . TOKEN_ARITHMATICOP_ADD expr
   48     | expr . TOKEN_ARITHMATICOP_SUB expr
   49     | expr . TOKEN_ARITHMATICOP_MUL expr
   50     | expr . TOKEN_ARITHMATICOP_DIV expr
   51     | expr . TOKEN_ARITHMATICOP_REM expr
   52     | expr . TOKEN_RELATIONOP_SE expr
   53     | expr . TOKEN_RELATIONOP_S expr
   54     | expr . TOKEN_RELATIONOP_B expr
   55     | expr . TOKEN_RELATIONOP_BE expr
   56     | expr . TOKEN_EQUALITYOP_E expr
   57     | expr . TOKEN_EQUALITYOP_NE expr
   57     | expr TOKEN_EQUALITYOP_NE expr .
   58     | expr . TOKEN_CONDITIONOP_AND expr
   59     | expr . TOKEN_CONDITIONOP_OR expr

    TOKEN_RELATIONOP_SE  shift, and go to state 107
    TOKEN_RELATIONOP_S   shift, and go to state 108
    TOKEN_RELATIONOP_BE  shift, and go to state 109
    TOKEN_RELATIONOP_B   shift, and go to state 110
    TOKEN_EQUALITYOP_E   shift, and go to state 111

    $default  reduce using rule 57 (expr)


State 138

   47 expr: expr . TOKEN_ARITHMATICOP_ADD expr
   48     | expr . TOKEN_ARITHMATICOP_SUB expr
   49     | expr . TOKEN_ARITHMATICOP_MUL expr
   50     | expr . TOKEN_ARITHMATICOP_DIV expr
   51     | expr . TOKEN_ARITHMATICOP_REM expr
   52     | expr . TOKEN_RELATIONOP_SE expr
   53     | expr . TOKEN_RELATIONOP_S expr
   54     | expr . TOKEN_RELATIONOP_B expr
   55     | expr . TOKEN_RELATIONOP_BE expr
   56     | expr . TOKEN_EQUALITYOP_E expr
   57     | expr . TOKEN_EQUALITYOP_NE expr
   58     | expr . TOKEN_CONDITIONOP_AND expr
   58     | expr TOKEN_CONDITIONOP_AND expr .
   59     | expr . TOKEN_CONDITIONOP_OR expr

    TOKEN_ARITHMATICOP_ADD  shift, and go to state 102
    TOKEN_ARITHMATICOP_SUB  shift, and go to state 103
    TOKEN_ARITHMATICOP_DIV  shift, and go to state 104
    TOKEN_ARITHMATICOP_MUL  shift, and go to state 105
    TOKEN_ARITHMATICOP_REM  shift, and go to state 106
    TOKEN_RELATIONOP_SE     shift, and go to state 107
    TOKEN_RELATIONOP_S      shift, and go to state 108
    TOKEN_RELATIONOP_BE     shift, and go to state 109
    TOKEN_RELATIONOP_B      shift, and go to state 110
    TOKEN_EQUALITYOP_E      shift, and go to state 111
    TOKEN_EQUALITYOP_NE     shift, and go to state 112

    $default  reduce using rule 58 (expr)


State 139

   47 expr: expr . TOKEN_ARITHMATICOP_ADD expr
   48     | expr . TOKEN_ARITHMATICOP_SUB expr
   49     | expr . TOKEN_ARITHMATICOP_MUL expr
   50     | expr . TOKEN_ARITHMATICOP_DIV expr
   51     | expr . TOKEN_ARITHMATICOP_REM expr
   52     | expr . TOKEN_RELATIONOP_SE expr
   53     | expr . TOKEN_RELATIONOP_S expr
   54     | expr . TOKEN_RELATIONOP_B expr
   55     | expr . TOKEN_RELATIONOP_BE expr
   56     | expr . TOKEN_EQUALITYOP_E expr
   57     | expr . TOKEN_EQUALITYOP_NE expr
   58     | expr . TOKEN_CONDITIONOP_AND expr
   59     | expr . TOKEN_CONDITIONOP_OR expr
   59     | expr TOKEN_CONDITIONOP_OR expr .

    TOKEN_ARITHMATICOP_ADD  shift, and go to state 102
    TOKEN_ARITHMATICOP_SUB  shift, and go to state 103
    TOKEN_ARITHMATICOP_DIV  shift, and go to state 104
    TOKEN_ARITHMATICOP_MUL  shift, and go to state 105
    TOKEN_ARITHMATICOP_REM  shift, and go to state 106
    TOKEN_RELATIONOP_SE     shift, and go to state 107
    TOKEN_RELATIONOP_S      shift, and go to state 108
    TOKEN_RELATIONOP_BE     shift, and go to state 109
    TOKEN_RELATIONOP_B      shift, and go to state 110
    TOKEN_EQUALITYOP_E      shift, and go to state 111
    TOKEN_EQUALITYOP_NE     shift, and go to state 112
    TOKEN_CONDITIONOP_AND   shift, and go to state 113

    $default  reduce using rule 59 (expr)


State 140

   69 multi_callout_args: TOKEN_COMMA . multi_callout_args_inner

    TOKEN_ID                shift, and go to state 20
    TOKEN_LP                shift, and go to state 69
    TOKEN_CALLOUT           shift, and go to state 58
    TOKEN_ARITHMATICOP_SUB  shift, and go to state 70
    TOKEN_LOGICOP           shift, and go to state 71
    TOKEN_DECIMALCONST      shift, and go to state 30
    TOKEN_HEXADECIMALCONST  shift, and go to state 31
    TOKEN_BOOLEANCONST      shift, and go to state 72
    TOKEN_CHARCONST         shift, and go to state 73
    TOKEN_STRINGCONST       shift, and go to state 115

    location                  go to state 75
    expr                      go to state 149
    method_call               go to state 77
    multi_callout_args_inner  go to state 150
    callout_args              go to state 151
    literal                   go to state 78
    int_literal               go to state 79
    id                        go to state 63
    decimal_literal           go to state 33
    hex_literal               go to state 34
    bool_literal              go to state 80
    char_literal              go to state 81
    string_literal            go to state 152


State 141

   64 method_call: TOKEN_CALLOUT TOKEN_LP string_literal multi_callout_args . TOKEN_RP

    TOKEN_RP  shift, and go to state 153


State 142

   26 statement: location assign_op expr TOKEN_SEMICOLON .

    $default  reduce using rule 26 (statement)


State 143

   68 multi_expr_inner: expr TOKEN_COMMA . multi_expr_inner

    TOKEN_ID                shift, and go to state 20
    TOKEN_LP                shift, and go to state 69
    TOKEN_CALLOUT           shift, and go to state 58
    TOKEN_ARITHMATICOP_SUB  shift, and go to state 70
    TOKEN_LOGICOP           shift, and go to state 71
    TOKEN_DECIMALCONST      shift, and go to state 30
    TOKEN_HEXADECIMALCONST  shift, and go to state 31
    TOKEN_BOOLEANCONST      shift, and go to state 72
    TOKEN_CHARCONST         shift, and go to state 73

    location          go to state 75
    expr              go to state 118
    method_call       go to state 77
    multi_expr_inner  go to state 154
    literal           go to state 78
    int_literal       go to state 79
    id                go to state 63
    decimal_literal   go to state 33
    hex_literal       go to state 34
    bool_literal      go to state 80
    char_literal      go to state 81


State 144

   63 method_call: id TOKEN_LP multi_expr TOKEN_RP .

    $default  reduce using rule 63 (method_call)


State 145

   40 location: id TOKEN_LB expr TOKEN_RB .

    $default  reduce using rule 40 (location)


State 146

   37 else_stmt: TOKEN_ELSECONDITION . block

    TOKEN_LCB  shift, and go to state 45

    block  go to state 155


State 147

   28 statement: TOKEN_IFCONDITION TOKEN_RP expr TOKEN_LP else_stmt .

    $default  reduce using rule 28 (statement)


State 148

   29 statement: TOKEN_LOOP id TOKEN_ASSIGNOP_ASS expr TOKEN_COMMA . expr block

    TOKEN_ID                shift, and go to state 20
    TOKEN_LP                shift, and go to state 69
    TOKEN_CALLOUT           shift, and go to state 58
    TOKEN_ARITHMATICOP_SUB  shift, and go to state 70
    TOKEN_LOGICOP           shift, and go to state 71
    TOKEN_DECIMALCONST      shift, and go to state 30
    TOKEN_HEXADECIMALCONST  shift, and go to state 31
    TOKEN_BOOLEANCONST      shift, and go to state 72
    TOKEN_CHARCONST         shift, and go to state 73

    location         go to state 75
    expr             go to state 156
    method_call      go to state 77
    literal          go to state 78
    int_literal      go to state 79
    id               go to state 63
    decimal_literal  go to state 33
    hex_literal      go to state 34
    bool_literal     go to state 80
    char_literal     go to state 81


State 149

   47 expr: expr . TOKEN_ARITHMATICOP_ADD expr
   48     | expr . TOKEN_ARITHMATICOP_SUB expr
   49     | expr . TOKEN_ARITHMATICOP_MUL expr
   50     | expr . TOKEN_ARITHMATICOP_DIV expr
   51     | expr . TOKEN_ARITHMATICOP_REM expr
   52     | expr . TOKEN_RELATIONOP_SE expr
   53     | expr . TOKEN_RELATIONOP_S expr
   54     | expr . TOKEN_RELATIONOP_B expr
   55     | expr . TOKEN_RELATIONOP_BE expr
   56     | expr . TOKEN_EQUALITYOP_E expr
   57     | expr . TOKEN_EQUALITYOP_NE expr
   58     | expr . TOKEN_CONDITIONOP_AND expr
   59     | expr . TOKEN_CONDITIONOP_OR expr
   73 callout_args: expr .

    TOKEN_ARITHMATICOP_ADD  shift, and go to state 102
    TOKEN_ARITHMATICOP_SUB  shift, and go to state 103
    TOKEN_ARITHMATICOP_DIV  shift, and go to state 104
    TOKEN_ARITHMATICOP_MUL  shift, and go to state 105
    TOKEN_ARITHMATICOP_REM  shift, and go to state 106
    TOKEN_RELATIONOP_SE     shift, and go to state 107
    TOKEN_RELATIONOP_S      shift, and go to state 108
    TOKEN_RELATIONOP_BE     shift, and go to state 109
    TOKEN_RELATIONOP_B      shift, and go to state 110
    TOKEN_EQUALITYOP_E      shift, and go to state 111
    TOKEN_EQUALITYOP_NE     shift, and go to state 112
    TOKEN_CONDITIONOP_AND   shift, and go to state 113
    TOKEN_CONDITIONOP_OR    shift, and go to state 114

    $default  reduce using rule 73 (callout_args)


State 150

   69 multi_callout_args: TOKEN_COMMA multi_callout_args_inner .

    $default  reduce using rule 69 (multi_callout_args)


State 151

   71 multi_callout_args_inner: callout_args .
   72                         | callout_args . TOKEN_COMMA multi_callout_args_inner

    TOKEN_COMMA  shift, and go to state 157

    $default  reduce using rule 71 (multi_callout_args_inner)


State 152

   74 callout_args: string_literal .

    $default  reduce using rule 74 (callout_args)


State 153

   64 method_call: TOKEN_CALLOUT TOKEN_LP string_literal multi_callout_args TOKEN_RP .

    $default  reduce using rule 64 (method_call)


State 154

   68 multi_expr_inner: expr TOKEN_COMMA multi_expr_inner .

    $default  reduce using rule 68 (multi_expr_inner)


State 155

   37 else_stmt: TOKEN_ELSECONDITION block .

    $default  reduce using rule 37 (else_stmt)


State 156

   29 statement: TOKEN_LOOP id TOKEN_ASSIGNOP_ASS expr TOKEN_COMMA expr . block
   47 expr: expr . TOKEN_ARITHMATICOP_ADD expr
   48     | expr . TOKEN_ARITHMATICOP_SUB expr
   49     | expr . TOKEN_ARITHMATICOP_MUL expr
   50     | expr . TOKEN_ARITHMATICOP_DIV expr
   51     | expr . TOKEN_ARITHMATICOP_REM expr
   52     | expr . TOKEN_RELATIONOP_SE expr
   53     | expr . TOKEN_RELATIONOP_S expr
   54     | expr . TOKEN_RELATIONOP_B expr
   55     | expr . TOKEN_RELATIONOP_BE expr
   56     | expr . TOKEN_EQUALITYOP_E expr
   57     | expr . TOKEN_EQUALITYOP_NE expr
   58     | expr . TOKEN_CONDITIONOP_AND expr
   59     | expr . TOKEN_CONDITIONOP_OR expr

    TOKEN_LCB               shift, and go to state 45
    TOKEN_ARITHMATICOP_ADD  shift, and go to state 102
    TOKEN_ARITHMATICOP_SUB  shift, and go to state 103
    TOKEN_ARITHMATICOP_DIV  shift, and go to state 104
    TOKEN_ARITHMATICOP_MUL  shift, and go to state 105
    TOKEN_ARITHMATICOP_REM  shift, and go to state 106
    TOKEN_RELATIONOP_SE     shift, and go to state 107
    TOKEN_RELATIONOP_S      shift, and go to state 108
    TOKEN_RELATIONOP_BE     shift, and go to state 109
    TOKEN_RELATIONOP_B      shift, and go to state 110
    TOKEN_EQUALITYOP_E      shift, and go to state 111
    TOKEN_EQUALITYOP_NE     shift, and go to state 112
    TOKEN_CONDITIONOP_AND   shift, and go to state 113
    TOKEN_CONDITIONOP_OR    shift, and go to state 114

    block  go to state 158


State 157

   72 multi_callout_args_inner: callout_args TOKEN_COMMA . multi_callout_args_inner

    TOKEN_ID                shift, and go to state 20
    TOKEN_LP                shift, and go to state 69
    TOKEN_CALLOUT           shift, and go to state 58
    TOKEN_ARITHMATICOP_SUB  shift, and go to state 70
    TOKEN_LOGICOP           shift, and go to state 71
    TOKEN_DECIMALCONST      shift, and go to state 30
    TOKEN_HEXADECIMALCONST  shift, and go to state 31
    TOKEN_BOOLEANCONST      shift, and go to state 72
    TOKEN_CHARCONST         shift, and go to state 73
    TOKEN_STRINGCONST       shift, and go to state 115

    location                  go to state 75
    expr                      go to state 149
    method_call               go to state 77
    multi_callout_args_inner  go to state 159
    callout_args              go to state 151
    literal                   go to state 78
    int_literal               go to state 79
    id                        go to state 63
    decimal_literal           go to state 33
    hex_literal               go to state 34
    bool_literal              go to state 80
    char_literal              go to state 81
    string_literal            go to state 152


State 158

   29 statement: TOKEN_LOOP id TOKEN_ASSIGNOP_ASS expr TOKEN_COMMA expr block .

    $default  reduce using rule 29 (statement)


State 159

   72 multi_callout_args_inner: callout_args TOKEN_COMMA multi_callout_args_inner .

    $default  reduce using rule 72 (multi_callout_args_inner)
