Terminals unused in grammar

    TOKEN_COMMENT
    TOKEN_WHITESPACE


Rules useless in parser due to conflicts

    6 decl_fm: %empty

   13 method_decl: %empty


State 5 conflicts: 3 shift/reduce, 5 reduce/reduce
State 6 conflicts: 1 reduce/reduce
State 7 conflicts: 1 reduce/reduce
State 10 conflicts: 3 shift/reduce, 5 reduce/reduce
State 61 conflicts: 1 shift/reduce


Grammar

    0 $accept: program $end

    1 program: TOKEN_CLASS TOKEN_PROGRAMCLASS TOKEN_LCB decl TOKEN_RCB

    2 decl: decl_fm decl
    3     | %empty

    4 decl_fm: field_decl
    5        | method_decl
    6        | %empty

    7 field_decl: type id multi_field TOKEN_SEMICOLON

    8 multi_field: TOKEN_COMMA id multi_field
    9            | TOKEN_LB int_literal TOKEN_RB TOKEN_COMMA id multi_field
   10            | TOKEN_LB int_literal TOKEN_RB
   11            | %empty

   12 method_decl: header func_name TOKEN_LP func_args TOKEN_RP block
   13            | %empty

   14 header: TOKEN_INTTYPE
   15       | TOKEN_BOOLEANTYPE
   16       | TOKEN_VOIDTYPE

   17 func_name: id
   18          | TOKEN_MAINFUNC

   19 func_args: arg
   20          | arg TOKEN_COMMA arg
   21          | arg TOKEN_COMMA arg TOKEN_COMMA arg
   22          | arg TOKEN_COMMA arg TOKEN_COMMA arg TOKEN_COMMA arg
   23          | %empty

   24 arg: type id

   25 block: TOKEN_LCB var_decl statement TOKEN_RCB

   26 var_decl: type multi_id TOKEN_SEMICOLON
   27         | %empty

   28 statement: location assign_op expr TOKEN_SEMICOLON
   29          | method_call TOKEN_SEMICOLON
   30          | TOKEN_IFCONDITION TOKEN_RP expr TOKEN_LP else_stmt
   31          | TOKEN_LOOP id TOKEN_ASSIGNOP_ASS expr TOKEN_COMMA expr block
   32          | TOKEN_RETURN ret_stmt TOKEN_SEMICOLON
   33          | TOKEN_BREAKSTMT TOKEN_SEMICOLON
   34          | TOKEN_CONTINUESTMT TOKEN_SEMICOLON
   35          | block
   36          | %empty

   37 ret_stmt: expr
   38         | %empty

   39 else_stmt: TOKEN_ELSECONDITION block
   40          | %empty

   41 location: id location_helper

   42 location_helper: TOKEN_LB expr TOKEN_RB
   43                | %empty

   44 assign_op: TOKEN_ASSIGNOP_ASS
   45          | TOKEN_ASSIGNOP_ADD
   46          | TOKEN_ASSIGNOP_SUB

   47 expr: location
   48     | method_call
   49     | literal
   50     | expr TOKEN_ARITHMATICOP_ADD expr
   51     | expr TOKEN_ARITHMATICOP_SUB expr
   52     | expr TOKEN_ARITHMATICOP_MUL expr
   53     | expr TOKEN_ARITHMATICOP_DIV expr
   54     | expr TOKEN_ARITHMATICOP_REM expr
   55     | expr TOKEN_RELATIONOP_SE expr
   56     | expr TOKEN_RELATIONOP_S expr
   57     | expr TOKEN_RELATIONOP_B expr
   58     | expr TOKEN_RELATIONOP_BE expr
   59     | expr TOKEN_EQUALITYOP_E expr
   60     | expr TOKEN_EQUALITYOP_NE expr
   61     | expr TOKEN_CONDITIONOP_AND expr
   62     | expr TOKEN_CONDITIONOP_OR expr
   63     | TOKEN_ARITHMATICOP_SUB expr
   64     | TOKEN_LOGICOP expr
   65     | TOKEN_LP expr TOKEN_RP

   66 method_call: id TOKEN_LP multi_expr TOKEN_RP
   67            | TOKEN_CALLOUT TOKEN_LP string_literal multi_callout_args TOKEN_RP

   68 multi_expr: multi_expr_inner
   69           | %empty

   70 multi_expr_inner: expr
   71                 | expr TOKEN_COMMA multi_expr_inner

   72 multi_callout_args: TOKEN_COMMA multi_callout_args_inner
   73                   | %empty

   74 multi_callout_args_inner: callout_args
   75                         | callout_args TOKEN_COMMA multi_callout_args_inner

   76 callout_args: expr
   77             | string_literal

   78 type: TOKEN_INTTYPE
   79     | TOKEN_BOOLEANTYPE

   80 multi_id: id
   81         | id TOKEN_COMMA multi_id

   82 literal: int_literal
   83        | char_literal
   84        | bool_literal

   85 int_literal: decimal_literal
   86            | hex_literal

   87 id: TOKEN_ID

   88 decimal_literal: TOKEN_DECIMALCONST

   89 hex_literal: TOKEN_HEXADECIMALCONST

   90 bool_literal: TOKEN_BOOLEANCONST

   91 char_literal: TOKEN_CHARCONST

   92 string_literal: TOKEN_STRINGCONST


Terminals, with rules where they appear

    $end (0) 0
    error (256)
    TOKEN_CLASS <str> (258) 1
    TOKEN_PROGRAMCLASS <str> (259) 1
    TOKEN_ID <str> (260) 87
    TOKEN_INTTYPE <str> (261) 14 78
    TOKEN_BOOLEANTYPE <str> (262) 15 79
    TOKEN_VOIDTYPE <str> (263) 16
    TOKEN_MAINFUNC <str> (264) 18
    TOKEN_LP <str> (265) 12 30 65 66 67
    TOKEN_RP <str> (266) 12 30 65 66 67
    TOKEN_COMMA <str> (267) 8 9 20 21 22 31 71 72 75 81
    TOKEN_SEMICOLON <str> (268) 7 26 28 29 32 33 34
    TOKEN_IFCONDITION <str> (269) 30
    TOKEN_LOOP <str> (270) 31
    TOKEN_ASSIGNOP_ASS <str> (271) 31 44
    TOKEN_ASSIGNOP_ADD <str> (272) 45
    TOKEN_ASSIGNOP_SUB <str> (273) 46
    TOKEN_RETURN <str> (274) 32
    TOKEN_BREAKSTMT <str> (275) 33
    TOKEN_CONTINUESTMT <str> (276) 34
    TOKEN_LB <str> (277) 9 10 42
    TOKEN_RB <str> (278) 9 10 42
    TOKEN_LCB <str> (279) 1 25
    TOKEN_RCB <str> (280) 1 25
    TOKEN_CALLOUT <str> (281) 67
    TOKEN_ELSECONDITION <str> (282) 39
    TOKEN_ARITHMATICOP_ADD <str> (283) 50
    TOKEN_ARITHMATICOP_SUB <str> (284) 51 63
    TOKEN_ARITHMATICOP_DIV <str> (285) 53
    TOKEN_ARITHMATICOP_MUL <str> (286) 52
    TOKEN_ARITHMATICOP_REM <str> (287) 54
    TOKEN_RELATIONOP_SE <str> (288) 55
    TOKEN_RELATIONOP_S <str> (289) 56
    TOKEN_RELATIONOP_BE <str> (290) 58
    TOKEN_RELATIONOP_B <str> (291) 57
    TOKEN_EQUALITYOP_E <str> (292) 59
    TOKEN_EQUALITYOP_NE <str> (293) 60
    TOKEN_CONDITIONOP_AND <str> (294) 61
    TOKEN_CONDITIONOP_OR <str> (295) 62
    TOKEN_LOGICOP <str> (296) 64
    TOKEN_DECIMALCONST <str> (297) 88
    TOKEN_HEXADECIMALCONST <str> (298) 89
    TOKEN_BOOLEANCONST <str> (299) 90
    TOKEN_CHARCONST <str> (300) 91
    TOKEN_STRINGCONST <str> (301) 92
    TOKEN_COMMENT <str> (302)
    TOKEN_WHITESPACE <str> (303)


Nonterminals, with rules where they appear

    $accept (49)
        on left: 0
    program <str> (50)
        on left: 1
        on right: 0
    decl (51)
        on left: 2 3
        on right: 1 2
    decl_fm (52)
        on left: 4 5 6
        on right: 2
    field_decl <str> (53)
        on left: 7
        on right: 4
    multi_field <str> (54)
        on left: 8 9 10 11
        on right: 7 8 9
    method_decl <str> (55)
        on left: 12 13
        on right: 5
    header <str> (56)
        on left: 14 15 16
        on right: 12
    func_name <str> (57)
        on left: 17 18
        on right: 12
    func_args <str> (58)
        on left: 19 20 21 22 23
        on right: 12
    arg <str> (59)
        on left: 24
        on right: 19 20 21 22
    block <str> (60)
        on left: 25
        on right: 12 31 35 39
    var_decl <str> (61)
        on left: 26 27
        on right: 25
    statement <str> (62)
        on left: 28 29 30 31 32 33 34 35 36
        on right: 25
    ret_stmt <str> (63)
        on left: 37 38
        on right: 32
    else_stmt <str> (64)
        on left: 39 40
        on right: 30
    location <str> (65)
        on left: 41
        on right: 28 47
    location_helper (66)
        on left: 42 43
        on right: 41
    assign_op <str> (67)
        on left: 44 45 46
        on right: 28
    expr <str> (68)
        on left: 47 48 49 50 51 52 53 54 55 56 57 58 59 60 61 62 63 64 65
        on right: 28 30 31 37 42 50 51 52 53 54 55 56 57 58 59 60 61 62 63 64 65 70 71 76
    method_call <str> (69)
        on left: 66 67
        on right: 29 48
    multi_expr <str> (70)
        on left: 68 69
        on right: 66
    multi_expr_inner <str> (71)
        on left: 70 71
        on right: 68 71
    multi_callout_args <str> (72)
        on left: 72 73
        on right: 67
    multi_callout_args_inner (73)
        on left: 74 75
        on right: 72 75
    callout_args <str> (74)
        on left: 76 77
        on right: 74 75
    type <str> (75)
        on left: 78 79
        on right: 7 24 26
    multi_id <str> (76)
        on left: 80 81
        on right: 26 81
    literal <str> (77)
        on left: 82 83 84
        on right: 49
    int_literal <str> (78)
        on left: 85 86
        on right: 9 10 82
    id (79)
        on left: 87
        on right: 7 8 9 17 24 31 41 66 80 81
    decimal_literal <str> (80)
        on left: 88
        on right: 85
    hex_literal <str> (81)
        on left: 89
        on right: 86
    bool_literal <str> (82)
        on left: 90
        on right: 84
    char_literal <str> (83)
        on left: 91
        on right: 83
    string_literal <str> (84)
        on left: 92
        on right: 67 77


State 0

    0 $accept: . program $end

    TOKEN_CLASS  shift, and go to state 1

    program  go to state 2


State 1

    1 program: TOKEN_CLASS . TOKEN_PROGRAMCLASS TOKEN_LCB decl TOKEN_RCB

    TOKEN_PROGRAMCLASS  shift, and go to state 3


State 2

    0 $accept: program . $end

    $end  shift, and go to state 4


State 3

    1 program: TOKEN_CLASS TOKEN_PROGRAMCLASS . TOKEN_LCB decl TOKEN_RCB

    TOKEN_LCB  shift, and go to state 5


State 4

    0 $accept: program $end .

    $default  accept


State 5

    1 program: TOKEN_CLASS TOKEN_PROGRAMCLASS TOKEN_LCB . decl TOKEN_RCB

    TOKEN_INTTYPE      shift, and go to state 6
    TOKEN_BOOLEANTYPE  shift, and go to state 7
    TOKEN_VOIDTYPE     shift, and go to state 8

    TOKEN_INTTYPE      [reduce using rule 6 (decl_fm)]
    TOKEN_INTTYPE      [reduce using rule 13 (method_decl)]
    TOKEN_BOOLEANTYPE  [reduce using rule 6 (decl_fm)]
    TOKEN_BOOLEANTYPE  [reduce using rule 13 (method_decl)]
    TOKEN_VOIDTYPE     [reduce using rule 6 (decl_fm)]
    TOKEN_VOIDTYPE     [reduce using rule 13 (method_decl)]
    TOKEN_RCB          reduce using rule 3 (decl)
    TOKEN_RCB          [reduce using rule 6 (decl_fm)]
    TOKEN_RCB          [reduce using rule 13 (method_decl)]
    $default           reduce using rule 3 (decl)

    decl         go to state 9
    decl_fm      go to state 10
    field_decl   go to state 11
    method_decl  go to state 12
    header       go to state 13
    type         go to state 14


State 6

   14 header: TOKEN_INTTYPE .
   78 type: TOKEN_INTTYPE .

    TOKEN_ID  reduce using rule 14 (header)
    TOKEN_ID  [reduce using rule 78 (type)]
    $default  reduce using rule 14 (header)


State 7

   15 header: TOKEN_BOOLEANTYPE .
   79 type: TOKEN_BOOLEANTYPE .

    TOKEN_ID  reduce using rule 15 (header)
    TOKEN_ID  [reduce using rule 79 (type)]
    $default  reduce using rule 15 (header)


State 8

   16 header: TOKEN_VOIDTYPE .

    $default  reduce using rule 16 (header)


State 9

    1 program: TOKEN_CLASS TOKEN_PROGRAMCLASS TOKEN_LCB decl . TOKEN_RCB

    TOKEN_RCB  shift, and go to state 15


State 10

    2 decl: decl_fm . decl

    TOKEN_INTTYPE      shift, and go to state 6
    TOKEN_BOOLEANTYPE  shift, and go to state 7
    TOKEN_VOIDTYPE     shift, and go to state 8

    TOKEN_INTTYPE      [reduce using rule 6 (decl_fm)]
    TOKEN_INTTYPE      [reduce using rule 13 (method_decl)]
    TOKEN_BOOLEANTYPE  [reduce using rule 6 (decl_fm)]
    TOKEN_BOOLEANTYPE  [reduce using rule 13 (method_decl)]
    TOKEN_VOIDTYPE     [reduce using rule 6 (decl_fm)]
    TOKEN_VOIDTYPE     [reduce using rule 13 (method_decl)]
    TOKEN_RCB          reduce using rule 3 (decl)
    TOKEN_RCB          [reduce using rule 6 (decl_fm)]
    TOKEN_RCB          [reduce using rule 13 (method_decl)]
    $default           reduce using rule 3 (decl)

    decl         go to state 16
    decl_fm      go to state 10
    field_decl   go to state 11
    method_decl  go to state 12
    header       go to state 13
    type         go to state 14


State 11

    4 decl_fm: field_decl .

    $default  reduce using rule 4 (decl_fm)


State 12

    5 decl_fm: method_decl .

    $default  reduce using rule 5 (decl_fm)


State 13

   12 method_decl: header . func_name TOKEN_LP func_args TOKEN_RP block

    TOKEN_ID        shift, and go to state 17
    TOKEN_MAINFUNC  shift, and go to state 18

    func_name  go to state 19
    id         go to state 20


State 14

    7 field_decl: type . id multi_field TOKEN_SEMICOLON

    TOKEN_ID  shift, and go to state 17

    id  go to state 21


State 15

    1 program: TOKEN_CLASS TOKEN_PROGRAMCLASS TOKEN_LCB decl TOKEN_RCB .

    $default  reduce using rule 1 (program)


State 16

    2 decl: decl_fm decl .

    $default  reduce using rule 2 (decl)


State 17

   87 id: TOKEN_ID .

    $default  reduce using rule 87 (id)


State 18

   18 func_name: TOKEN_MAINFUNC .

    $default  reduce using rule 18 (func_name)


State 19

   12 method_decl: header func_name . TOKEN_LP func_args TOKEN_RP block

    TOKEN_LP  shift, and go to state 22


State 20

   17 func_name: id .

    $default  reduce using rule 17 (func_name)


State 21

    7 field_decl: type id . multi_field TOKEN_SEMICOLON

    TOKEN_COMMA  shift, and go to state 23
    TOKEN_LB     shift, and go to state 24

    $default  reduce using rule 11 (multi_field)

    multi_field  go to state 25


State 22

   12 method_decl: header func_name TOKEN_LP . func_args TOKEN_RP block

    TOKEN_INTTYPE      shift, and go to state 26
    TOKEN_BOOLEANTYPE  shift, and go to state 27

    $default  reduce using rule 23 (func_args)

    func_args  go to state 28
    arg        go to state 29
    type       go to state 30


State 23

    8 multi_field: TOKEN_COMMA . id multi_field

    TOKEN_ID  shift, and go to state 17

    id  go to state 31


State 24

    9 multi_field: TOKEN_LB . int_literal TOKEN_RB TOKEN_COMMA id multi_field
   10            | TOKEN_LB . int_literal TOKEN_RB

    TOKEN_DECIMALCONST      shift, and go to state 32
    TOKEN_HEXADECIMALCONST  shift, and go to state 33

    int_literal      go to state 34
    decimal_literal  go to state 35
    hex_literal      go to state 36


State 25

    7 field_decl: type id multi_field . TOKEN_SEMICOLON

    TOKEN_SEMICOLON  shift, and go to state 37


State 26

   78 type: TOKEN_INTTYPE .

    $default  reduce using rule 78 (type)


State 27

   79 type: TOKEN_BOOLEANTYPE .

    $default  reduce using rule 79 (type)


State 28

   12 method_decl: header func_name TOKEN_LP func_args . TOKEN_RP block

    TOKEN_RP  shift, and go to state 38


State 29

   19 func_args: arg .
   20          | arg . TOKEN_COMMA arg
   21          | arg . TOKEN_COMMA arg TOKEN_COMMA arg
   22          | arg . TOKEN_COMMA arg TOKEN_COMMA arg TOKEN_COMMA arg

    TOKEN_COMMA  shift, and go to state 39

    $default  reduce using rule 19 (func_args)


State 30

   24 arg: type . id

    TOKEN_ID  shift, and go to state 17

    id  go to state 40


State 31

    8 multi_field: TOKEN_COMMA id . multi_field

    TOKEN_COMMA  shift, and go to state 23
    TOKEN_LB     shift, and go to state 24

    $default  reduce using rule 11 (multi_field)

    multi_field  go to state 41


State 32

   88 decimal_literal: TOKEN_DECIMALCONST .

    $default  reduce using rule 88 (decimal_literal)


State 33

   89 hex_literal: TOKEN_HEXADECIMALCONST .

    $default  reduce using rule 89 (hex_literal)


State 34

    9 multi_field: TOKEN_LB int_literal . TOKEN_RB TOKEN_COMMA id multi_field
   10            | TOKEN_LB int_literal . TOKEN_RB

    TOKEN_RB  shift, and go to state 42


State 35

   85 int_literal: decimal_literal .

    $default  reduce using rule 85 (int_literal)


State 36

   86 int_literal: hex_literal .

    $default  reduce using rule 86 (int_literal)


State 37

    7 field_decl: type id multi_field TOKEN_SEMICOLON .

    $default  reduce using rule 7 (field_decl)


State 38

   12 method_decl: header func_name TOKEN_LP func_args TOKEN_RP . block

    TOKEN_LCB  shift, and go to state 43

    block  go to state 44


State 39

   20 func_args: arg TOKEN_COMMA . arg
   21          | arg TOKEN_COMMA . arg TOKEN_COMMA arg
   22          | arg TOKEN_COMMA . arg TOKEN_COMMA arg TOKEN_COMMA arg

    TOKEN_INTTYPE      shift, and go to state 26
    TOKEN_BOOLEANTYPE  shift, and go to state 27

    arg   go to state 45
    type  go to state 30


State 40

   24 arg: type id .

    $default  reduce using rule 24 (arg)


State 41

    8 multi_field: TOKEN_COMMA id multi_field .

    $default  reduce using rule 8 (multi_field)


State 42

    9 multi_field: TOKEN_LB int_literal TOKEN_RB . TOKEN_COMMA id multi_field
   10            | TOKEN_LB int_literal TOKEN_RB .

    TOKEN_COMMA  shift, and go to state 46

    $default  reduce using rule 10 (multi_field)


State 43

   25 block: TOKEN_LCB . var_decl statement TOKEN_RCB

    TOKEN_INTTYPE      shift, and go to state 26
    TOKEN_BOOLEANTYPE  shift, and go to state 27

    $default  reduce using rule 27 (var_decl)

    var_decl  go to state 47
    type      go to state 48


State 44

   12 method_decl: header func_name TOKEN_LP func_args TOKEN_RP block .

    $default  reduce using rule 12 (method_decl)


State 45

   20 func_args: arg TOKEN_COMMA arg .
   21          | arg TOKEN_COMMA arg . TOKEN_COMMA arg
   22          | arg TOKEN_COMMA arg . TOKEN_COMMA arg TOKEN_COMMA arg

    TOKEN_COMMA  shift, and go to state 49

    $default  reduce using rule 20 (func_args)


State 46

    9 multi_field: TOKEN_LB int_literal TOKEN_RB TOKEN_COMMA . id multi_field

    TOKEN_ID  shift, and go to state 17

    id  go to state 50


State 47

   25 block: TOKEN_LCB var_decl . statement TOKEN_RCB

    TOKEN_ID            shift, and go to state 17
    TOKEN_IFCONDITION   shift, and go to state 51
    TOKEN_LOOP          shift, and go to state 52
    TOKEN_RETURN        shift, and go to state 53
    TOKEN_BREAKSTMT     shift, and go to state 54
    TOKEN_CONTINUESTMT  shift, and go to state 55
    TOKEN_LCB           shift, and go to state 43
    TOKEN_CALLOUT       shift, and go to state 56

    $default  reduce using rule 36 (statement)

    block        go to state 57
    statement    go to state 58
    location     go to state 59
    method_call  go to state 60
    id           go to state 61


State 48

   26 var_decl: type . multi_id TOKEN_SEMICOLON

    TOKEN_ID  shift, and go to state 17

    multi_id  go to state 62
    id        go to state 63


State 49

   21 func_args: arg TOKEN_COMMA arg TOKEN_COMMA . arg
   22          | arg TOKEN_COMMA arg TOKEN_COMMA . arg TOKEN_COMMA arg

    TOKEN_INTTYPE      shift, and go to state 26
    TOKEN_BOOLEANTYPE  shift, and go to state 27

    arg   go to state 64
    type  go to state 30


State 50

    9 multi_field: TOKEN_LB int_literal TOKEN_RB TOKEN_COMMA id . multi_field

    TOKEN_COMMA  shift, and go to state 23
    TOKEN_LB     shift, and go to state 24

    $default  reduce using rule 11 (multi_field)

    multi_field  go to state 65


State 51

   30 statement: TOKEN_IFCONDITION . TOKEN_RP expr TOKEN_LP else_stmt

    TOKEN_RP  shift, and go to state 66


State 52

   31 statement: TOKEN_LOOP . id TOKEN_ASSIGNOP_ASS expr TOKEN_COMMA expr block

    TOKEN_ID  shift, and go to state 17

    id  go to state 67


State 53

   32 statement: TOKEN_RETURN . ret_stmt TOKEN_SEMICOLON

    TOKEN_ID                shift, and go to state 17
    TOKEN_LP                shift, and go to state 68
    TOKEN_CALLOUT           shift, and go to state 56
    TOKEN_ARITHMATICOP_SUB  shift, and go to state 69
    TOKEN_LOGICOP           shift, and go to state 70
    TOKEN_DECIMALCONST      shift, and go to state 32
    TOKEN_HEXADECIMALCONST  shift, and go to state 33
    TOKEN_BOOLEANCONST      shift, and go to state 71
    TOKEN_CHARCONST         shift, and go to state 72

    $default  reduce using rule 38 (ret_stmt)

    ret_stmt         go to state 73
    location         go to state 74
    expr             go to state 75
    method_call      go to state 76
    literal          go to state 77
    int_literal      go to state 78
    id               go to state 61
    decimal_literal  go to state 35
    hex_literal      go to state 36
    bool_literal     go to state 79
    char_literal     go to state 80


State 54

   33 statement: TOKEN_BREAKSTMT . TOKEN_SEMICOLON

    TOKEN_SEMICOLON  shift, and go to state 81


State 55

   34 statement: TOKEN_CONTINUESTMT . TOKEN_SEMICOLON

    TOKEN_SEMICOLON  shift, and go to state 82


State 56

   67 method_call: TOKEN_CALLOUT . TOKEN_LP string_literal multi_callout_args TOKEN_RP

    TOKEN_LP  shift, and go to state 83


State 57

   35 statement: block .

    $default  reduce using rule 35 (statement)


State 58

   25 block: TOKEN_LCB var_decl statement . TOKEN_RCB

    TOKEN_RCB  shift, and go to state 84


State 59

   28 statement: location . assign_op expr TOKEN_SEMICOLON

    TOKEN_ASSIGNOP_ASS  shift, and go to state 85
    TOKEN_ASSIGNOP_ADD  shift, and go to state 86
    TOKEN_ASSIGNOP_SUB  shift, and go to state 87

    assign_op  go to state 88


State 60

   29 statement: method_call . TOKEN_SEMICOLON

    TOKEN_SEMICOLON  shift, and go to state 89


State 61

   41 location: id . location_helper
   66 method_call: id . TOKEN_LP multi_expr TOKEN_RP

    TOKEN_LP  shift, and go to state 90
    TOKEN_LB  shift, and go to state 91

    TOKEN_LP  [reduce using rule 43 (location_helper)]
    $default  reduce using rule 43 (location_helper)

    location_helper  go to state 92


State 62

   26 var_decl: type multi_id . TOKEN_SEMICOLON

    TOKEN_SEMICOLON  shift, and go to state 93


State 63

   80 multi_id: id .
   81         | id . TOKEN_COMMA multi_id

    TOKEN_COMMA  shift, and go to state 94

    $default  reduce using rule 80 (multi_id)


State 64

   21 func_args: arg TOKEN_COMMA arg TOKEN_COMMA arg .
   22          | arg TOKEN_COMMA arg TOKEN_COMMA arg . TOKEN_COMMA arg

    TOKEN_COMMA  shift, and go to state 95

    $default  reduce using rule 21 (func_args)


State 65

    9 multi_field: TOKEN_LB int_literal TOKEN_RB TOKEN_COMMA id multi_field .

    $default  reduce using rule 9 (multi_field)


State 66

   30 statement: TOKEN_IFCONDITION TOKEN_RP . expr TOKEN_LP else_stmt

    TOKEN_ID                shift, and go to state 17
    TOKEN_LP                shift, and go to state 68
    TOKEN_CALLOUT           shift, and go to state 56
    TOKEN_ARITHMATICOP_SUB  shift, and go to state 69
    TOKEN_LOGICOP           shift, and go to state 70
    TOKEN_DECIMALCONST      shift, and go to state 32
    TOKEN_HEXADECIMALCONST  shift, and go to state 33
    TOKEN_BOOLEANCONST      shift, and go to state 71
    TOKEN_CHARCONST         shift, and go to state 72

    location         go to state 74
    expr             go to state 96
    method_call      go to state 76
    literal          go to state 77
    int_literal      go to state 78
    id               go to state 61
    decimal_literal  go to state 35
    hex_literal      go to state 36
    bool_literal     go to state 79
    char_literal     go to state 80


State 67

   31 statement: TOKEN_LOOP id . TOKEN_ASSIGNOP_ASS expr TOKEN_COMMA expr block

    TOKEN_ASSIGNOP_ASS  shift, and go to state 97


State 68

   65 expr: TOKEN_LP . expr TOKEN_RP

    TOKEN_ID                shift, and go to state 17
    TOKEN_LP                shift, and go to state 68
    TOKEN_CALLOUT           shift, and go to state 56
    TOKEN_ARITHMATICOP_SUB  shift, and go to state 69
    TOKEN_LOGICOP           shift, and go to state 70
    TOKEN_DECIMALCONST      shift, and go to state 32
    TOKEN_HEXADECIMALCONST  shift, and go to state 33
    TOKEN_BOOLEANCONST      shift, and go to state 71
    TOKEN_CHARCONST         shift, and go to state 72

    location         go to state 74
    expr             go to state 98
    method_call      go to state 76
    literal          go to state 77
    int_literal      go to state 78
    id               go to state 61
    decimal_literal  go to state 35
    hex_literal      go to state 36
    bool_literal     go to state 79
    char_literal     go to state 80


State 69

   63 expr: TOKEN_ARITHMATICOP_SUB . expr

    TOKEN_ID                shift, and go to state 17
    TOKEN_LP                shift, and go to state 68
    TOKEN_CALLOUT           shift, and go to state 56
    TOKEN_ARITHMATICOP_SUB  shift, and go to state 69
    TOKEN_LOGICOP           shift, and go to state 70
    TOKEN_DECIMALCONST      shift, and go to state 32
    TOKEN_HEXADECIMALCONST  shift, and go to state 33
    TOKEN_BOOLEANCONST      shift, and go to state 71
    TOKEN_CHARCONST         shift, and go to state 72

    location         go to state 74
    expr             go to state 99
    method_call      go to state 76
    literal          go to state 77
    int_literal      go to state 78
    id               go to state 61
    decimal_literal  go to state 35
    hex_literal      go to state 36
    bool_literal     go to state 79
    char_literal     go to state 80


State 70

   64 expr: TOKEN_LOGICOP . expr

    TOKEN_ID                shift, and go to state 17
    TOKEN_LP                shift, and go to state 68
    TOKEN_CALLOUT           shift, and go to state 56
    TOKEN_ARITHMATICOP_SUB  shift, and go to state 69
    TOKEN_LOGICOP           shift, and go to state 70
    TOKEN_DECIMALCONST      shift, and go to state 32
    TOKEN_HEXADECIMALCONST  shift, and go to state 33
    TOKEN_BOOLEANCONST      shift, and go to state 71
    TOKEN_CHARCONST         shift, and go to state 72

    location         go to state 74
    expr             go to state 100
    method_call      go to state 76
    literal          go to state 77
    int_literal      go to state 78
    id               go to state 61
    decimal_literal  go to state 35
    hex_literal      go to state 36
    bool_literal     go to state 79
    char_literal     go to state 80


State 71

   90 bool_literal: TOKEN_BOOLEANCONST .

    $default  reduce using rule 90 (bool_literal)


State 72

   91 char_literal: TOKEN_CHARCONST .

    $default  reduce using rule 91 (char_literal)


State 73

   32 statement: TOKEN_RETURN ret_stmt . TOKEN_SEMICOLON

    TOKEN_SEMICOLON  shift, and go to state 101


State 74

   47 expr: location .

    $default  reduce using rule 47 (expr)


State 75

   37 ret_stmt: expr .
   50 expr: expr . TOKEN_ARITHMATICOP_ADD expr
   51     | expr . TOKEN_ARITHMATICOP_SUB expr
   52     | expr . TOKEN_ARITHMATICOP_MUL expr
   53     | expr . TOKEN_ARITHMATICOP_DIV expr
   54     | expr . TOKEN_ARITHMATICOP_REM expr
   55     | expr . TOKEN_RELATIONOP_SE expr
   56     | expr . TOKEN_RELATIONOP_S expr
   57     | expr . TOKEN_RELATIONOP_B expr
   58     | expr . TOKEN_RELATIONOP_BE expr
   59     | expr . TOKEN_EQUALITYOP_E expr
   60     | expr . TOKEN_EQUALITYOP_NE expr
   61     | expr . TOKEN_CONDITIONOP_AND expr
   62     | expr . TOKEN_CONDITIONOP_OR expr

    TOKEN_ARITHMATICOP_ADD  shift, and go to state 102
    TOKEN_ARITHMATICOP_SUB  shift, and go to state 103
    TOKEN_ARITHMATICOP_DIV  shift, and go to state 104
    TOKEN_ARITHMATICOP_MUL  shift, and go to state 105
    TOKEN_ARITHMATICOP_REM  shift, and go to state 106
    TOKEN_RELATIONOP_SE     shift, and go to state 107
    TOKEN_RELATIONOP_S      shift, and go to state 108
    TOKEN_RELATIONOP_BE     shift, and go to state 109
    TOKEN_RELATIONOP_B      shift, and go to state 110
    TOKEN_EQUALITYOP_E      shift, and go to state 111
    TOKEN_EQUALITYOP_NE     shift, and go to state 112
    TOKEN_CONDITIONOP_AND   shift, and go to state 113
    TOKEN_CONDITIONOP_OR    shift, and go to state 114

    $default  reduce using rule 37 (ret_stmt)


State 76

   48 expr: method_call .

    $default  reduce using rule 48 (expr)


State 77

   49 expr: literal .

    $default  reduce using rule 49 (expr)


State 78

   82 literal: int_literal .

    $default  reduce using rule 82 (literal)


State 79

   84 literal: bool_literal .

    $default  reduce using rule 84 (literal)


State 80

   83 literal: char_literal .

    $default  reduce using rule 83 (literal)


State 81

   33 statement: TOKEN_BREAKSTMT TOKEN_SEMICOLON .

    $default  reduce using rule 33 (statement)


State 82

   34 statement: TOKEN_CONTINUESTMT TOKEN_SEMICOLON .

    $default  reduce using rule 34 (statement)


State 83

   67 method_call: TOKEN_CALLOUT TOKEN_LP . string_literal multi_callout_args TOKEN_RP

    TOKEN_STRINGCONST  shift, and go to state 115

    string_literal  go to state 116


State 84

   25 block: TOKEN_LCB var_decl statement TOKEN_RCB .

    $default  reduce using rule 25 (block)


State 85

   44 assign_op: TOKEN_ASSIGNOP_ASS .

    $default  reduce using rule 44 (assign_op)


State 86

   45 assign_op: TOKEN_ASSIGNOP_ADD .

    $default  reduce using rule 45 (assign_op)


State 87

   46 assign_op: TOKEN_ASSIGNOP_SUB .

    $default  reduce using rule 46 (assign_op)


State 88

   28 statement: location assign_op . expr TOKEN_SEMICOLON

    TOKEN_ID                shift, and go to state 17
    TOKEN_LP                shift, and go to state 68
    TOKEN_CALLOUT           shift, and go to state 56
    TOKEN_ARITHMATICOP_SUB  shift, and go to state 69
    TOKEN_LOGICOP           shift, and go to state 70
    TOKEN_DECIMALCONST      shift, and go to state 32
    TOKEN_HEXADECIMALCONST  shift, and go to state 33
    TOKEN_BOOLEANCONST      shift, and go to state 71
    TOKEN_CHARCONST         shift, and go to state 72

    location         go to state 74
    expr             go to state 117
    method_call      go to state 76
    literal          go to state 77
    int_literal      go to state 78
    id               go to state 61
    decimal_literal  go to state 35
    hex_literal      go to state 36
    bool_literal     go to state 79
    char_literal     go to state 80


State 89

   29 statement: method_call TOKEN_SEMICOLON .

    $default  reduce using rule 29 (statement)


State 90

   66 method_call: id TOKEN_LP . multi_expr TOKEN_RP

    TOKEN_ID                shift, and go to state 17
    TOKEN_LP                shift, and go to state 68
    TOKEN_CALLOUT           shift, and go to state 56
    TOKEN_ARITHMATICOP_SUB  shift, and go to state 69
    TOKEN_LOGICOP           shift, and go to state 70
    TOKEN_DECIMALCONST      shift, and go to state 32
    TOKEN_HEXADECIMALCONST  shift, and go to state 33
    TOKEN_BOOLEANCONST      shift, and go to state 71
    TOKEN_CHARCONST         shift, and go to state 72

    $default  reduce using rule 69 (multi_expr)

    location          go to state 74
    expr              go to state 118
    method_call       go to state 76
    multi_expr        go to state 119
    multi_expr_inner  go to state 120
    literal           go to state 77
    int_literal       go to state 78
    id                go to state 61
    decimal_literal   go to state 35
    hex_literal       go to state 36
    bool_literal      go to state 79
    char_literal      go to state 80


State 91

   42 location_helper: TOKEN_LB . expr TOKEN_RB

    TOKEN_ID                shift, and go to state 17
    TOKEN_LP                shift, and go to state 68
    TOKEN_CALLOUT           shift, and go to state 56
    TOKEN_ARITHMATICOP_SUB  shift, and go to state 69
    TOKEN_LOGICOP           shift, and go to state 70
    TOKEN_DECIMALCONST      shift, and go to state 32
    TOKEN_HEXADECIMALCONST  shift, and go to state 33
    TOKEN_BOOLEANCONST      shift, and go to state 71
    TOKEN_CHARCONST         shift, and go to state 72

    location         go to state 74
    expr             go to state 121
    method_call      go to state 76
    literal          go to state 77
    int_literal      go to state 78
    id               go to state 61
    decimal_literal  go to state 35
    hex_literal      go to state 36
    bool_literal     go to state 79
    char_literal     go to state 80


State 92

   41 location: id location_helper .

    $default  reduce using rule 41 (location)


State 93

   26 var_decl: type multi_id TOKEN_SEMICOLON .

    $default  reduce using rule 26 (var_decl)


State 94

   81 multi_id: id TOKEN_COMMA . multi_id

    TOKEN_ID  shift, and go to state 17

    multi_id  go to state 122
    id        go to state 63


State 95

   22 func_args: arg TOKEN_COMMA arg TOKEN_COMMA arg TOKEN_COMMA . arg

    TOKEN_INTTYPE      shift, and go to state 26
    TOKEN_BOOLEANTYPE  shift, and go to state 27

    arg   go to state 123
    type  go to state 30


State 96

   30 statement: TOKEN_IFCONDITION TOKEN_RP expr . TOKEN_LP else_stmt
   50 expr: expr . TOKEN_ARITHMATICOP_ADD expr
   51     | expr . TOKEN_ARITHMATICOP_SUB expr
   52     | expr . TOKEN_ARITHMATICOP_MUL expr
   53     | expr . TOKEN_ARITHMATICOP_DIV expr
   54     | expr . TOKEN_ARITHMATICOP_REM expr
   55     | expr . TOKEN_RELATIONOP_SE expr
   56     | expr . TOKEN_RELATIONOP_S expr
   57     | expr . TOKEN_RELATIONOP_B expr
   58     | expr . TOKEN_RELATIONOP_BE expr
   59     | expr . TOKEN_EQUALITYOP_E expr
   60     | expr . TOKEN_EQUALITYOP_NE expr
   61     | expr . TOKEN_CONDITIONOP_AND expr
   62     | expr . TOKEN_CONDITIONOP_OR expr

    TOKEN_LP                shift, and go to state 124
    TOKEN_ARITHMATICOP_ADD  shift, and go to state 102
    TOKEN_ARITHMATICOP_SUB  shift, and go to state 103
    TOKEN_ARITHMATICOP_DIV  shift, and go to state 104
    TOKEN_ARITHMATICOP_MUL  shift, and go to state 105
    TOKEN_ARITHMATICOP_REM  shift, and go to state 106
    TOKEN_RELATIONOP_SE     shift, and go to state 107
    TOKEN_RELATIONOP_S      shift, and go to state 108
    TOKEN_RELATIONOP_BE     shift, and go to state 109
    TOKEN_RELATIONOP_B      shift, and go to state 110
    TOKEN_EQUALITYOP_E      shift, and go to state 111
    TOKEN_EQUALITYOP_NE     shift, and go to state 112
    TOKEN_CONDITIONOP_AND   shift, and go to state 113
    TOKEN_CONDITIONOP_OR    shift, and go to state 114


State 97

   31 statement: TOKEN_LOOP id TOKEN_ASSIGNOP_ASS . expr TOKEN_COMMA expr block

    TOKEN_ID                shift, and go to state 17
    TOKEN_LP                shift, and go to state 68
    TOKEN_CALLOUT           shift, and go to state 56
    TOKEN_ARITHMATICOP_SUB  shift, and go to state 69
    TOKEN_LOGICOP           shift, and go to state 70
    TOKEN_DECIMALCONST      shift, and go to state 32
    TOKEN_HEXADECIMALCONST  shift, and go to state 33
    TOKEN_BOOLEANCONST      shift, and go to state 71
    TOKEN_CHARCONST         shift, and go to state 72

    location         go to state 74
    expr             go to state 125
    method_call      go to state 76
    literal          go to state 77
    int_literal      go to state 78
    id               go to state 61
    decimal_literal  go to state 35
    hex_literal      go to state 36
    bool_literal     go to state 79
    char_literal     go to state 80


State 98

   50 expr: expr . TOKEN_ARITHMATICOP_ADD expr
   51     | expr . TOKEN_ARITHMATICOP_SUB expr
   52     | expr . TOKEN_ARITHMATICOP_MUL expr
   53     | expr . TOKEN_ARITHMATICOP_DIV expr
   54     | expr . TOKEN_ARITHMATICOP_REM expr
   55     | expr . TOKEN_RELATIONOP_SE expr
   56     | expr . TOKEN_RELATIONOP_S expr
   57     | expr . TOKEN_RELATIONOP_B expr
   58     | expr . TOKEN_RELATIONOP_BE expr
   59     | expr . TOKEN_EQUALITYOP_E expr
   60     | expr . TOKEN_EQUALITYOP_NE expr
   61     | expr . TOKEN_CONDITIONOP_AND expr
   62     | expr . TOKEN_CONDITIONOP_OR expr
   65     | TOKEN_LP expr . TOKEN_RP

    TOKEN_RP                shift, and go to state 126
    TOKEN_ARITHMATICOP_ADD  shift, and go to state 102
    TOKEN_ARITHMATICOP_SUB  shift, and go to state 103
    TOKEN_ARITHMATICOP_DIV  shift, and go to state 104
    TOKEN_ARITHMATICOP_MUL  shift, and go to state 105
    TOKEN_ARITHMATICOP_REM  shift, and go to state 106
    TOKEN_RELATIONOP_SE     shift, and go to state 107
    TOKEN_RELATIONOP_S      shift, and go to state 108
    TOKEN_RELATIONOP_BE     shift, and go to state 109
    TOKEN_RELATIONOP_B      shift, and go to state 110
    TOKEN_EQUALITYOP_E      shift, and go to state 111
    TOKEN_EQUALITYOP_NE     shift, and go to state 112
    TOKEN_CONDITIONOP_AND   shift, and go to state 113
    TOKEN_CONDITIONOP_OR    shift, and go to state 114


State 99

   50 expr: expr . TOKEN_ARITHMATICOP_ADD expr
   51     | expr . TOKEN_ARITHMATICOP_SUB expr
   52     | expr . TOKEN_ARITHMATICOP_MUL expr
   53     | expr . TOKEN_ARITHMATICOP_DIV expr
   54     | expr . TOKEN_ARITHMATICOP_REM expr
   55     | expr . TOKEN_RELATIONOP_SE expr
   56     | expr . TOKEN_RELATIONOP_S expr
   57     | expr . TOKEN_RELATIONOP_B expr
   58     | expr . TOKEN_RELATIONOP_BE expr
   59     | expr . TOKEN_EQUALITYOP_E expr
   60     | expr . TOKEN_EQUALITYOP_NE expr
   61     | expr . TOKEN_CONDITIONOP_AND expr
   62     | expr . TOKEN_CONDITIONOP_OR expr
   63     | TOKEN_ARITHMATICOP_SUB expr .

    TOKEN_ARITHMATICOP_REM  shift, and go to state 106
    TOKEN_RELATIONOP_SE     shift, and go to state 107
    TOKEN_RELATIONOP_S      shift, and go to state 108
    TOKEN_RELATIONOP_BE     shift, and go to state 109
    TOKEN_RELATIONOP_B      shift, and go to state 110
    TOKEN_EQUALITYOP_E      shift, and go to state 111
    TOKEN_EQUALITYOP_NE     shift, and go to state 112

    $default  reduce using rule 63 (expr)


State 100

   50 expr: expr . TOKEN_ARITHMATICOP_ADD expr
   51     | expr . TOKEN_ARITHMATICOP_SUB expr
   52     | expr . TOKEN_ARITHMATICOP_MUL expr
   53     | expr . TOKEN_ARITHMATICOP_DIV expr
   54     | expr . TOKEN_ARITHMATICOP_REM expr
   55     | expr . TOKEN_RELATIONOP_SE expr
   56     | expr . TOKEN_RELATIONOP_S expr
   57     | expr . TOKEN_RELATIONOP_B expr
   58     | expr . TOKEN_RELATIONOP_BE expr
   59     | expr . TOKEN_EQUALITYOP_E expr
   60     | expr . TOKEN_EQUALITYOP_NE expr
   61     | expr . TOKEN_CONDITIONOP_AND expr
   62     | expr . TOKEN_CONDITIONOP_OR expr
   64     | TOKEN_LOGICOP expr .

    $default  reduce using rule 64 (expr)


State 101

   32 statement: TOKEN_RETURN ret_stmt TOKEN_SEMICOLON .

    $default  reduce using rule 32 (statement)


State 102

   50 expr: expr TOKEN_ARITHMATICOP_ADD . expr

    TOKEN_ID                shift, and go to state 17
    TOKEN_LP                shift, and go to state 68
    TOKEN_CALLOUT           shift, and go to state 56
    TOKEN_ARITHMATICOP_SUB  shift, and go to state 69
    TOKEN_LOGICOP           shift, and go to state 70
    TOKEN_DECIMALCONST      shift, and go to state 32
    TOKEN_HEXADECIMALCONST  shift, and go to state 33
    TOKEN_BOOLEANCONST      shift, and go to state 71
    TOKEN_CHARCONST         shift, and go to state 72

    location         go to state 74
    expr             go to state 127
    method_call      go to state 76
    literal          go to state 77
    int_literal      go to state 78
    id               go to state 61
    decimal_literal  go to state 35
    hex_literal      go to state 36
    bool_literal     go to state 79
    char_literal     go to state 80


State 103

   51 expr: expr TOKEN_ARITHMATICOP_SUB . expr

    TOKEN_ID                shift, and go to state 17
    TOKEN_LP                shift, and go to state 68
    TOKEN_CALLOUT           shift, and go to state 56
    TOKEN_ARITHMATICOP_SUB  shift, and go to state 69
    TOKEN_LOGICOP           shift, and go to state 70
    TOKEN_DECIMALCONST      shift, and go to state 32
    TOKEN_HEXADECIMALCONST  shift, and go to state 33
    TOKEN_BOOLEANCONST      shift, and go to state 71
    TOKEN_CHARCONST         shift, and go to state 72

    location         go to state 74
    expr             go to state 128
    method_call      go to state 76
    literal          go to state 77
    int_literal      go to state 78
    id               go to state 61
    decimal_literal  go to state 35
    hex_literal      go to state 36
    bool_literal     go to state 79
    char_literal     go to state 80


State 104

   53 expr: expr TOKEN_ARITHMATICOP_DIV . expr

    TOKEN_ID                shift, and go to state 17
    TOKEN_LP                shift, and go to state 68
    TOKEN_CALLOUT           shift, and go to state 56
    TOKEN_ARITHMATICOP_SUB  shift, and go to state 69
    TOKEN_LOGICOP           shift, and go to state 70
    TOKEN_DECIMALCONST      shift, and go to state 32
    TOKEN_HEXADECIMALCONST  shift, and go to state 33
    TOKEN_BOOLEANCONST      shift, and go to state 71
    TOKEN_CHARCONST         shift, and go to state 72

    location         go to state 74
    expr             go to state 129
    method_call      go to state 76
    literal          go to state 77
    int_literal      go to state 78
    id               go to state 61
    decimal_literal  go to state 35
    hex_literal      go to state 36
    bool_literal     go to state 79
    char_literal     go to state 80


State 105

   52 expr: expr TOKEN_ARITHMATICOP_MUL . expr

    TOKEN_ID                shift, and go to state 17
    TOKEN_LP                shift, and go to state 68
    TOKEN_CALLOUT           shift, and go to state 56
    TOKEN_ARITHMATICOP_SUB  shift, and go to state 69
    TOKEN_LOGICOP           shift, and go to state 70
    TOKEN_DECIMALCONST      shift, and go to state 32
    TOKEN_HEXADECIMALCONST  shift, and go to state 33
    TOKEN_BOOLEANCONST      shift, and go to state 71
    TOKEN_CHARCONST         shift, and go to state 72

    location         go to state 74
    expr             go to state 130
    method_call      go to state 76
    literal          go to state 77
    int_literal      go to state 78
    id               go to state 61
    decimal_literal  go to state 35
    hex_literal      go to state 36
    bool_literal     go to state 79
    char_literal     go to state 80


State 106

   54 expr: expr TOKEN_ARITHMATICOP_REM . expr

    TOKEN_ID                shift, and go to state 17
    TOKEN_LP                shift, and go to state 68
    TOKEN_CALLOUT           shift, and go to state 56
    TOKEN_ARITHMATICOP_SUB  shift, and go to state 69
    TOKEN_LOGICOP           shift, and go to state 70
    TOKEN_DECIMALCONST      shift, and go to state 32
    TOKEN_HEXADECIMALCONST  shift, and go to state 33
    TOKEN_BOOLEANCONST      shift, and go to state 71
    TOKEN_CHARCONST         shift, and go to state 72

    location         go to state 74
    expr             go to state 131
    method_call      go to state 76
    literal          go to state 77
    int_literal      go to state 78
    id               go to state 61
    decimal_literal  go to state 35
    hex_literal      go to state 36
    bool_literal     go to state 79
    char_literal     go to state 80


State 107

   55 expr: expr TOKEN_RELATIONOP_SE . expr

    TOKEN_ID                shift, and go to state 17
    TOKEN_LP                shift, and go to state 68
    TOKEN_CALLOUT           shift, and go to state 56
    TOKEN_ARITHMATICOP_SUB  shift, and go to state 69
    TOKEN_LOGICOP           shift, and go to state 70
    TOKEN_DECIMALCONST      shift, and go to state 32
    TOKEN_HEXADECIMALCONST  shift, and go to state 33
    TOKEN_BOOLEANCONST      shift, and go to state 71
    TOKEN_CHARCONST         shift, and go to state 72

    location         go to state 74
    expr             go to state 132
    method_call      go to state 76
    literal          go to state 77
    int_literal      go to state 78
    id               go to state 61
    decimal_literal  go to state 35
    hex_literal      go to state 36
    bool_literal     go to state 79
    char_literal     go to state 80


State 108

   56 expr: expr TOKEN_RELATIONOP_S . expr

    TOKEN_ID                shift, and go to state 17
    TOKEN_LP                shift, and go to state 68
    TOKEN_CALLOUT           shift, and go to state 56
    TOKEN_ARITHMATICOP_SUB  shift, and go to state 69
    TOKEN_LOGICOP           shift, and go to state 70
    TOKEN_DECIMALCONST      shift, and go to state 32
    TOKEN_HEXADECIMALCONST  shift, and go to state 33
    TOKEN_BOOLEANCONST      shift, and go to state 71
    TOKEN_CHARCONST         shift, and go to state 72

    location         go to state 74
    expr             go to state 133
    method_call      go to state 76
    literal          go to state 77
    int_literal      go to state 78
    id               go to state 61
    decimal_literal  go to state 35
    hex_literal      go to state 36
    bool_literal     go to state 79
    char_literal     go to state 80


State 109

   58 expr: expr TOKEN_RELATIONOP_BE . expr

    TOKEN_ID                shift, and go to state 17
    TOKEN_LP                shift, and go to state 68
    TOKEN_CALLOUT           shift, and go to state 56
    TOKEN_ARITHMATICOP_SUB  shift, and go to state 69
    TOKEN_LOGICOP           shift, and go to state 70
    TOKEN_DECIMALCONST      shift, and go to state 32
    TOKEN_HEXADECIMALCONST  shift, and go to state 33
    TOKEN_BOOLEANCONST      shift, and go to state 71
    TOKEN_CHARCONST         shift, and go to state 72

    location         go to state 74
    expr             go to state 134
    method_call      go to state 76
    literal          go to state 77
    int_literal      go to state 78
    id               go to state 61
    decimal_literal  go to state 35
    hex_literal      go to state 36
    bool_literal     go to state 79
    char_literal     go to state 80


State 110

   57 expr: expr TOKEN_RELATIONOP_B . expr

    TOKEN_ID                shift, and go to state 17
    TOKEN_LP                shift, and go to state 68
    TOKEN_CALLOUT           shift, and go to state 56
    TOKEN_ARITHMATICOP_SUB  shift, and go to state 69
    TOKEN_LOGICOP           shift, and go to state 70
    TOKEN_DECIMALCONST      shift, and go to state 32
    TOKEN_HEXADECIMALCONST  shift, and go to state 33
    TOKEN_BOOLEANCONST      shift, and go to state 71
    TOKEN_CHARCONST         shift, and go to state 72

    location         go to state 74
    expr             go to state 135
    method_call      go to state 76
    literal          go to state 77
    int_literal      go to state 78
    id               go to state 61
    decimal_literal  go to state 35
    hex_literal      go to state 36
    bool_literal     go to state 79
    char_literal     go to state 80


State 111

   59 expr: expr TOKEN_EQUALITYOP_E . expr

    TOKEN_ID                shift, and go to state 17
    TOKEN_LP                shift, and go to state 68
    TOKEN_CALLOUT           shift, and go to state 56
    TOKEN_ARITHMATICOP_SUB  shift, and go to state 69
    TOKEN_LOGICOP           shift, and go to state 70
    TOKEN_DECIMALCONST      shift, and go to state 32
    TOKEN_HEXADECIMALCONST  shift, and go to state 33
    TOKEN_BOOLEANCONST      shift, and go to state 71
    TOKEN_CHARCONST         shift, and go to state 72

    location         go to state 74
    expr             go to state 136
    method_call      go to state 76
    literal          go to state 77
    int_literal      go to state 78
    id               go to state 61
    decimal_literal  go to state 35
    hex_literal      go to state 36
    bool_literal     go to state 79
    char_literal     go to state 80


State 112

   60 expr: expr TOKEN_EQUALITYOP_NE . expr

    TOKEN_ID                shift, and go to state 17
    TOKEN_LP                shift, and go to state 68
    TOKEN_CALLOUT           shift, and go to state 56
    TOKEN_ARITHMATICOP_SUB  shift, and go to state 69
    TOKEN_LOGICOP           shift, and go to state 70
    TOKEN_DECIMALCONST      shift, and go to state 32
    TOKEN_HEXADECIMALCONST  shift, and go to state 33
    TOKEN_BOOLEANCONST      shift, and go to state 71
    TOKEN_CHARCONST         shift, and go to state 72

    location         go to state 74
    expr             go to state 137
    method_call      go to state 76
    literal          go to state 77
    int_literal      go to state 78
    id               go to state 61
    decimal_literal  go to state 35
    hex_literal      go to state 36
    bool_literal     go to state 79
    char_literal     go to state 80


State 113

   61 expr: expr TOKEN_CONDITIONOP_AND . expr

    TOKEN_ID                shift, and go to state 17
    TOKEN_LP                shift, and go to state 68
    TOKEN_CALLOUT           shift, and go to state 56
    TOKEN_ARITHMATICOP_SUB  shift, and go to state 69
    TOKEN_LOGICOP           shift, and go to state 70
    TOKEN_DECIMALCONST      shift, and go to state 32
    TOKEN_HEXADECIMALCONST  shift, and go to state 33
    TOKEN_BOOLEANCONST      shift, and go to state 71
    TOKEN_CHARCONST         shift, and go to state 72

    location         go to state 74
    expr             go to state 138
    method_call      go to state 76
    literal          go to state 77
    int_literal      go to state 78
    id               go to state 61
    decimal_literal  go to state 35
    hex_literal      go to state 36
    bool_literal     go to state 79
    char_literal     go to state 80


State 114

   62 expr: expr TOKEN_CONDITIONOP_OR . expr

    TOKEN_ID                shift, and go to state 17
    TOKEN_LP                shift, and go to state 68
    TOKEN_CALLOUT           shift, and go to state 56
    TOKEN_ARITHMATICOP_SUB  shift, and go to state 69
    TOKEN_LOGICOP           shift, and go to state 70
    TOKEN_DECIMALCONST      shift, and go to state 32
    TOKEN_HEXADECIMALCONST  shift, and go to state 33
    TOKEN_BOOLEANCONST      shift, and go to state 71
    TOKEN_CHARCONST         shift, and go to state 72

    location         go to state 74
    expr             go to state 139
    method_call      go to state 76
    literal          go to state 77
    int_literal      go to state 78
    id               go to state 61
    decimal_literal  go to state 35
    hex_literal      go to state 36
    bool_literal     go to state 79
    char_literal     go to state 80


State 115

   92 string_literal: TOKEN_STRINGCONST .

    $default  reduce using rule 92 (string_literal)


State 116

   67 method_call: TOKEN_CALLOUT TOKEN_LP string_literal . multi_callout_args TOKEN_RP

    TOKEN_COMMA  shift, and go to state 140

    $default  reduce using rule 73 (multi_callout_args)

    multi_callout_args  go to state 141


State 117

   28 statement: location assign_op expr . TOKEN_SEMICOLON
   50 expr: expr . TOKEN_ARITHMATICOP_ADD expr
   51     | expr . TOKEN_ARITHMATICOP_SUB expr
   52     | expr . TOKEN_ARITHMATICOP_MUL expr
   53     | expr . TOKEN_ARITHMATICOP_DIV expr
   54     | expr . TOKEN_ARITHMATICOP_REM expr
   55     | expr . TOKEN_RELATIONOP_SE expr
   56     | expr . TOKEN_RELATIONOP_S expr
   57     | expr . TOKEN_RELATIONOP_B expr
   58     | expr . TOKEN_RELATIONOP_BE expr
   59     | expr . TOKEN_EQUALITYOP_E expr
   60     | expr . TOKEN_EQUALITYOP_NE expr
   61     | expr . TOKEN_CONDITIONOP_AND expr
   62     | expr . TOKEN_CONDITIONOP_OR expr

    TOKEN_SEMICOLON         shift, and go to state 142
    TOKEN_ARITHMATICOP_ADD  shift, and go to state 102
    TOKEN_ARITHMATICOP_SUB  shift, and go to state 103
    TOKEN_ARITHMATICOP_DIV  shift, and go to state 104
    TOKEN_ARITHMATICOP_MUL  shift, and go to state 105
    TOKEN_ARITHMATICOP_REM  shift, and go to state 106
    TOKEN_RELATIONOP_SE     shift, and go to state 107
    TOKEN_RELATIONOP_S      shift, and go to state 108
    TOKEN_RELATIONOP_BE     shift, and go to state 109
    TOKEN_RELATIONOP_B      shift, and go to state 110
    TOKEN_EQUALITYOP_E      shift, and go to state 111
    TOKEN_EQUALITYOP_NE     shift, and go to state 112
    TOKEN_CONDITIONOP_AND   shift, and go to state 113
    TOKEN_CONDITIONOP_OR    shift, and go to state 114


State 118

   50 expr: expr . TOKEN_ARITHMATICOP_ADD expr
   51     | expr . TOKEN_ARITHMATICOP_SUB expr
   52     | expr . TOKEN_ARITHMATICOP_MUL expr
   53     | expr . TOKEN_ARITHMATICOP_DIV expr
   54     | expr . TOKEN_ARITHMATICOP_REM expr
   55     | expr . TOKEN_RELATIONOP_SE expr
   56     | expr . TOKEN_RELATIONOP_S expr
   57     | expr . TOKEN_RELATIONOP_B expr
   58     | expr . TOKEN_RELATIONOP_BE expr
   59     | expr . TOKEN_EQUALITYOP_E expr
   60     | expr . TOKEN_EQUALITYOP_NE expr
   61     | expr . TOKEN_CONDITIONOP_AND expr
   62     | expr . TOKEN_CONDITIONOP_OR expr
   70 multi_expr_inner: expr .
   71                 | expr . TOKEN_COMMA multi_expr_inner

    TOKEN_COMMA             shift, and go to state 143
    TOKEN_ARITHMATICOP_ADD  shift, and go to state 102
    TOKEN_ARITHMATICOP_SUB  shift, and go to state 103
    TOKEN_ARITHMATICOP_DIV  shift, and go to state 104
    TOKEN_ARITHMATICOP_MUL  shift, and go to state 105
    TOKEN_ARITHMATICOP_REM  shift, and go to state 106
    TOKEN_RELATIONOP_SE     shift, and go to state 107
    TOKEN_RELATIONOP_S      shift, and go to state 108
    TOKEN_RELATIONOP_BE     shift, and go to state 109
    TOKEN_RELATIONOP_B      shift, and go to state 110
    TOKEN_EQUALITYOP_E      shift, and go to state 111
    TOKEN_EQUALITYOP_NE     shift, and go to state 112
    TOKEN_CONDITIONOP_AND   shift, and go to state 113
    TOKEN_CONDITIONOP_OR    shift, and go to state 114

    $default  reduce using rule 70 (multi_expr_inner)


State 119

   66 method_call: id TOKEN_LP multi_expr . TOKEN_RP

    TOKEN_RP  shift, and go to state 144


State 120

   68 multi_expr: multi_expr_inner .

    $default  reduce using rule 68 (multi_expr)


State 121

   42 location_helper: TOKEN_LB expr . TOKEN_RB
   50 expr: expr . TOKEN_ARITHMATICOP_ADD expr
   51     | expr . TOKEN_ARITHMATICOP_SUB expr
   52     | expr . TOKEN_ARITHMATICOP_MUL expr
   53     | expr . TOKEN_ARITHMATICOP_DIV expr
   54     | expr . TOKEN_ARITHMATICOP_REM expr
   55     | expr . TOKEN_RELATIONOP_SE expr
   56     | expr . TOKEN_RELATIONOP_S expr
   57     | expr . TOKEN_RELATIONOP_B expr
   58     | expr . TOKEN_RELATIONOP_BE expr
   59     | expr . TOKEN_EQUALITYOP_E expr
   60     | expr . TOKEN_EQUALITYOP_NE expr
   61     | expr . TOKEN_CONDITIONOP_AND expr
   62     | expr . TOKEN_CONDITIONOP_OR expr

    TOKEN_RB                shift, and go to state 145
    TOKEN_ARITHMATICOP_ADD  shift, and go to state 102
    TOKEN_ARITHMATICOP_SUB  shift, and go to state 103
    TOKEN_ARITHMATICOP_DIV  shift, and go to state 104
    TOKEN_ARITHMATICOP_MUL  shift, and go to state 105
    TOKEN_ARITHMATICOP_REM  shift, and go to state 106
    TOKEN_RELATIONOP_SE     shift, and go to state 107
    TOKEN_RELATIONOP_S      shift, and go to state 108
    TOKEN_RELATIONOP_BE     shift, and go to state 109
    TOKEN_RELATIONOP_B      shift, and go to state 110
    TOKEN_EQUALITYOP_E      shift, and go to state 111
    TOKEN_EQUALITYOP_NE     shift, and go to state 112
    TOKEN_CONDITIONOP_AND   shift, and go to state 113
    TOKEN_CONDITIONOP_OR    shift, and go to state 114


State 122

   81 multi_id: id TOKEN_COMMA multi_id .

    $default  reduce using rule 81 (multi_id)


State 123

   22 func_args: arg TOKEN_COMMA arg TOKEN_COMMA arg TOKEN_COMMA arg .

    $default  reduce using rule 22 (func_args)


State 124

   30 statement: TOKEN_IFCONDITION TOKEN_RP expr TOKEN_LP . else_stmt

    TOKEN_ELSECONDITION  shift, and go to state 146

    $default  reduce using rule 40 (else_stmt)

    else_stmt  go to state 147


State 125

   31 statement: TOKEN_LOOP id TOKEN_ASSIGNOP_ASS expr . TOKEN_COMMA expr block
   50 expr: expr . TOKEN_ARITHMATICOP_ADD expr
   51     | expr . TOKEN_ARITHMATICOP_SUB expr
   52     | expr . TOKEN_ARITHMATICOP_MUL expr
   53     | expr . TOKEN_ARITHMATICOP_DIV expr
   54     | expr . TOKEN_ARITHMATICOP_REM expr
   55     | expr . TOKEN_RELATIONOP_SE expr
   56     | expr . TOKEN_RELATIONOP_S expr
   57     | expr . TOKEN_RELATIONOP_B expr
   58     | expr . TOKEN_RELATIONOP_BE expr
   59     | expr . TOKEN_EQUALITYOP_E expr
   60     | expr . TOKEN_EQUALITYOP_NE expr
   61     | expr . TOKEN_CONDITIONOP_AND expr
   62     | expr . TOKEN_CONDITIONOP_OR expr

    TOKEN_COMMA             shift, and go to state 148
    TOKEN_ARITHMATICOP_ADD  shift, and go to state 102
    TOKEN_ARITHMATICOP_SUB  shift, and go to state 103
    TOKEN_ARITHMATICOP_DIV  shift, and go to state 104
    TOKEN_ARITHMATICOP_MUL  shift, and go to state 105
    TOKEN_ARITHMATICOP_REM  shift, and go to state 106
    TOKEN_RELATIONOP_SE     shift, and go to state 107
    TOKEN_RELATIONOP_S      shift, and go to state 108
    TOKEN_RELATIONOP_BE     shift, and go to state 109
    TOKEN_RELATIONOP_B      shift, and go to state 110
    TOKEN_EQUALITYOP_E      shift, and go to state 111
    TOKEN_EQUALITYOP_NE     shift, and go to state 112
    TOKEN_CONDITIONOP_AND   shift, and go to state 113
    TOKEN_CONDITIONOP_OR    shift, and go to state 114


State 126

   65 expr: TOKEN_LP expr TOKEN_RP .

    $default  reduce using rule 65 (expr)


State 127

   50 expr: expr . TOKEN_ARITHMATICOP_ADD expr
   50     | expr TOKEN_ARITHMATICOP_ADD expr .
   51     | expr . TOKEN_ARITHMATICOP_SUB expr
   52     | expr . TOKEN_ARITHMATICOP_MUL expr
   53     | expr . TOKEN_ARITHMATICOP_DIV expr
   54     | expr . TOKEN_ARITHMATICOP_REM expr
   55     | expr . TOKEN_RELATIONOP_SE expr
   56     | expr . TOKEN_RELATIONOP_S expr
   57     | expr . TOKEN_RELATIONOP_B expr
   58     | expr . TOKEN_RELATIONOP_BE expr
   59     | expr . TOKEN_EQUALITYOP_E expr
   60     | expr . TOKEN_EQUALITYOP_NE expr
   61     | expr . TOKEN_CONDITIONOP_AND expr
   62     | expr . TOKEN_CONDITIONOP_OR expr

    TOKEN_ARITHMATICOP_REM  shift, and go to state 106
    TOKEN_RELATIONOP_SE     shift, and go to state 107
    TOKEN_RELATIONOP_S      shift, and go to state 108
    TOKEN_RELATIONOP_BE     shift, and go to state 109
    TOKEN_RELATIONOP_B      shift, and go to state 110
    TOKEN_EQUALITYOP_E      shift, and go to state 111
    TOKEN_EQUALITYOP_NE     shift, and go to state 112

    $default  reduce using rule 50 (expr)


State 128

   50 expr: expr . TOKEN_ARITHMATICOP_ADD expr
   51     | expr . TOKEN_ARITHMATICOP_SUB expr
   51     | expr TOKEN_ARITHMATICOP_SUB expr .
   52     | expr . TOKEN_ARITHMATICOP_MUL expr
   53     | expr . TOKEN_ARITHMATICOP_DIV expr
   54     | expr . TOKEN_ARITHMATICOP_REM expr
   55     | expr . TOKEN_RELATIONOP_SE expr
   56     | expr . TOKEN_RELATIONOP_S expr
   57     | expr . TOKEN_RELATIONOP_B expr
   58     | expr . TOKEN_RELATIONOP_BE expr
   59     | expr . TOKEN_EQUALITYOP_E expr
   60     | expr . TOKEN_EQUALITYOP_NE expr
   61     | expr . TOKEN_CONDITIONOP_AND expr
   62     | expr . TOKEN_CONDITIONOP_OR expr

    TOKEN_ARITHMATICOP_REM  shift, and go to state 106
    TOKEN_RELATIONOP_SE     shift, and go to state 107
    TOKEN_RELATIONOP_S      shift, and go to state 108
    TOKEN_RELATIONOP_BE     shift, and go to state 109
    TOKEN_RELATIONOP_B      shift, and go to state 110
    TOKEN_EQUALITYOP_E      shift, and go to state 111
    TOKEN_EQUALITYOP_NE     shift, and go to state 112

    $default  reduce using rule 51 (expr)


State 129

   50 expr: expr . TOKEN_ARITHMATICOP_ADD expr
   51     | expr . TOKEN_ARITHMATICOP_SUB expr
   52     | expr . TOKEN_ARITHMATICOP_MUL expr
   53     | expr . TOKEN_ARITHMATICOP_DIV expr
   53     | expr TOKEN_ARITHMATICOP_DIV expr .
   54     | expr . TOKEN_ARITHMATICOP_REM expr
   55     | expr . TOKEN_RELATIONOP_SE expr
   56     | expr . TOKEN_RELATIONOP_S expr
   57     | expr . TOKEN_RELATIONOP_B expr
   58     | expr . TOKEN_RELATIONOP_BE expr
   59     | expr . TOKEN_EQUALITYOP_E expr
   60     | expr . TOKEN_EQUALITYOP_NE expr
   61     | expr . TOKEN_CONDITIONOP_AND expr
   62     | expr . TOKEN_CONDITIONOP_OR expr

    TOKEN_ARITHMATICOP_ADD  shift, and go to state 102
    TOKEN_ARITHMATICOP_SUB  shift, and go to state 103
    TOKEN_ARITHMATICOP_REM  shift, and go to state 106
    TOKEN_RELATIONOP_SE     shift, and go to state 107
    TOKEN_RELATIONOP_S      shift, and go to state 108
    TOKEN_RELATIONOP_BE     shift, and go to state 109
    TOKEN_RELATIONOP_B      shift, and go to state 110
    TOKEN_EQUALITYOP_E      shift, and go to state 111
    TOKEN_EQUALITYOP_NE     shift, and go to state 112

    $default  reduce using rule 53 (expr)


State 130

   50 expr: expr . TOKEN_ARITHMATICOP_ADD expr
   51     | expr . TOKEN_ARITHMATICOP_SUB expr
   52     | expr . TOKEN_ARITHMATICOP_MUL expr
   52     | expr TOKEN_ARITHMATICOP_MUL expr .
   53     | expr . TOKEN_ARITHMATICOP_DIV expr
   54     | expr . TOKEN_ARITHMATICOP_REM expr
   55     | expr . TOKEN_RELATIONOP_SE expr
   56     | expr . TOKEN_RELATIONOP_S expr
   57     | expr . TOKEN_RELATIONOP_B expr
   58     | expr . TOKEN_RELATIONOP_BE expr
   59     | expr . TOKEN_EQUALITYOP_E expr
   60     | expr . TOKEN_EQUALITYOP_NE expr
   61     | expr . TOKEN_CONDITIONOP_AND expr
   62     | expr . TOKEN_CONDITIONOP_OR expr

    TOKEN_ARITHMATICOP_ADD  shift, and go to state 102
    TOKEN_ARITHMATICOP_SUB  shift, and go to state 103
    TOKEN_ARITHMATICOP_REM  shift, and go to state 106
    TOKEN_RELATIONOP_SE     shift, and go to state 107
    TOKEN_RELATIONOP_S      shift, and go to state 108
    TOKEN_RELATIONOP_BE     shift, and go to state 109
    TOKEN_RELATIONOP_B      shift, and go to state 110
    TOKEN_EQUALITYOP_E      shift, and go to state 111
    TOKEN_EQUALITYOP_NE     shift, and go to state 112

    $default  reduce using rule 52 (expr)


State 131

   50 expr: expr . TOKEN_ARITHMATICOP_ADD expr
   51     | expr . TOKEN_ARITHMATICOP_SUB expr
   52     | expr . TOKEN_ARITHMATICOP_MUL expr
   53     | expr . TOKEN_ARITHMATICOP_DIV expr
   54     | expr . TOKEN_ARITHMATICOP_REM expr
   54     | expr TOKEN_ARITHMATICOP_REM expr .
   55     | expr . TOKEN_RELATIONOP_SE expr
   56     | expr . TOKEN_RELATIONOP_S expr
   57     | expr . TOKEN_RELATIONOP_B expr
   58     | expr . TOKEN_RELATIONOP_BE expr
   59     | expr . TOKEN_EQUALITYOP_E expr
   60     | expr . TOKEN_EQUALITYOP_NE expr
   61     | expr . TOKEN_CONDITIONOP_AND expr
   62     | expr . TOKEN_CONDITIONOP_OR expr

    TOKEN_RELATIONOP_SE  shift, and go to state 107
    TOKEN_RELATIONOP_S   shift, and go to state 108
    TOKEN_RELATIONOP_BE  shift, and go to state 109
    TOKEN_RELATIONOP_B   shift, and go to state 110
    TOKEN_EQUALITYOP_E   shift, and go to state 111
    TOKEN_EQUALITYOP_NE  shift, and go to state 112

    $default  reduce using rule 54 (expr)


State 132

   50 expr: expr . TOKEN_ARITHMATICOP_ADD expr
   51     | expr . TOKEN_ARITHMATICOP_SUB expr
   52     | expr . TOKEN_ARITHMATICOP_MUL expr
   53     | expr . TOKEN_ARITHMATICOP_DIV expr
   54     | expr . TOKEN_ARITHMATICOP_REM expr
   55     | expr . TOKEN_RELATIONOP_SE expr
   55     | expr TOKEN_RELATIONOP_SE expr .
   56     | expr . TOKEN_RELATIONOP_S expr
   57     | expr . TOKEN_RELATIONOP_B expr
   58     | expr . TOKEN_RELATIONOP_BE expr
   59     | expr . TOKEN_EQUALITYOP_E expr
   60     | expr . TOKEN_EQUALITYOP_NE expr
   61     | expr . TOKEN_CONDITIONOP_AND expr
   62     | expr . TOKEN_CONDITIONOP_OR expr

    $default  reduce using rule 55 (expr)


State 133

   50 expr: expr . TOKEN_ARITHMATICOP_ADD expr
   51     | expr . TOKEN_ARITHMATICOP_SUB expr
   52     | expr . TOKEN_ARITHMATICOP_MUL expr
   53     | expr . TOKEN_ARITHMATICOP_DIV expr
   54     | expr . TOKEN_ARITHMATICOP_REM expr
   55     | expr . TOKEN_RELATIONOP_SE expr
   56     | expr . TOKEN_RELATIONOP_S expr
   56     | expr TOKEN_RELATIONOP_S expr .
   57     | expr . TOKEN_RELATIONOP_B expr
   58     | expr . TOKEN_RELATIONOP_BE expr
   59     | expr . TOKEN_EQUALITYOP_E expr
   60     | expr . TOKEN_EQUALITYOP_NE expr
   61     | expr . TOKEN_CONDITIONOP_AND expr
   62     | expr . TOKEN_CONDITIONOP_OR expr

    $default  reduce using rule 56 (expr)


State 134

   50 expr: expr . TOKEN_ARITHMATICOP_ADD expr
   51     | expr . TOKEN_ARITHMATICOP_SUB expr
   52     | expr . TOKEN_ARITHMATICOP_MUL expr
   53     | expr . TOKEN_ARITHMATICOP_DIV expr
   54     | expr . TOKEN_ARITHMATICOP_REM expr
   55     | expr . TOKEN_RELATIONOP_SE expr
   56     | expr . TOKEN_RELATIONOP_S expr
   57     | expr . TOKEN_RELATIONOP_B expr
   58     | expr . TOKEN_RELATIONOP_BE expr
   58     | expr TOKEN_RELATIONOP_BE expr .
   59     | expr . TOKEN_EQUALITYOP_E expr
   60     | expr . TOKEN_EQUALITYOP_NE expr
   61     | expr . TOKEN_CONDITIONOP_AND expr
   62     | expr . TOKEN_CONDITIONOP_OR expr

    $default  reduce using rule 58 (expr)


State 135

   50 expr: expr . TOKEN_ARITHMATICOP_ADD expr
   51     | expr . TOKEN_ARITHMATICOP_SUB expr
   52     | expr . TOKEN_ARITHMATICOP_MUL expr
   53     | expr . TOKEN_ARITHMATICOP_DIV expr
   54     | expr . TOKEN_ARITHMATICOP_REM expr
   55     | expr . TOKEN_RELATIONOP_SE expr
   56     | expr . TOKEN_RELATIONOP_S expr
   57     | expr . TOKEN_RELATIONOP_B expr
   57     | expr TOKEN_RELATIONOP_B expr .
   58     | expr . TOKEN_RELATIONOP_BE expr
   59     | expr . TOKEN_EQUALITYOP_E expr
   60     | expr . TOKEN_EQUALITYOP_NE expr
   61     | expr . TOKEN_CONDITIONOP_AND expr
   62     | expr . TOKEN_CONDITIONOP_OR expr

    $default  reduce using rule 57 (expr)


State 136

   50 expr: expr . TOKEN_ARITHMATICOP_ADD expr
   51     | expr . TOKEN_ARITHMATICOP_SUB expr
   52     | expr . TOKEN_ARITHMATICOP_MUL expr
   53     | expr . TOKEN_ARITHMATICOP_DIV expr
   54     | expr . TOKEN_ARITHMATICOP_REM expr
   55     | expr . TOKEN_RELATIONOP_SE expr
   56     | expr . TOKEN_RELATIONOP_S expr
   57     | expr . TOKEN_RELATIONOP_B expr
   58     | expr . TOKEN_RELATIONOP_BE expr
   59     | expr . TOKEN_EQUALITYOP_E expr
   59     | expr TOKEN_EQUALITYOP_E expr .
   60     | expr . TOKEN_EQUALITYOP_NE expr
   61     | expr . TOKEN_CONDITIONOP_AND expr
   62     | expr . TOKEN_CONDITIONOP_OR expr

    TOKEN_RELATIONOP_SE  shift, and go to state 107
    TOKEN_RELATIONOP_S   shift, and go to state 108
    TOKEN_RELATIONOP_BE  shift, and go to state 109
    TOKEN_RELATIONOP_B   shift, and go to state 110

    $default  reduce using rule 59 (expr)


State 137

   50 expr: expr . TOKEN_ARITHMATICOP_ADD expr
   51     | expr . TOKEN_ARITHMATICOP_SUB expr
   52     | expr . TOKEN_ARITHMATICOP_MUL expr
   53     | expr . TOKEN_ARITHMATICOP_DIV expr
   54     | expr . TOKEN_ARITHMATICOP_REM expr
   55     | expr . TOKEN_RELATIONOP_SE expr
   56     | expr . TOKEN_RELATIONOP_S expr
   57     | expr . TOKEN_RELATIONOP_B expr
   58     | expr . TOKEN_RELATIONOP_BE expr
   59     | expr . TOKEN_EQUALITYOP_E expr
   60     | expr . TOKEN_EQUALITYOP_NE expr
   60     | expr TOKEN_EQUALITYOP_NE expr .
   61     | expr . TOKEN_CONDITIONOP_AND expr
   62     | expr . TOKEN_CONDITIONOP_OR expr

    TOKEN_RELATIONOP_SE  shift, and go to state 107
    TOKEN_RELATIONOP_S   shift, and go to state 108
    TOKEN_RELATIONOP_BE  shift, and go to state 109
    TOKEN_RELATIONOP_B   shift, and go to state 110
    TOKEN_EQUALITYOP_E   shift, and go to state 111

    $default  reduce using rule 60 (expr)


State 138

   50 expr: expr . TOKEN_ARITHMATICOP_ADD expr
   51     | expr . TOKEN_ARITHMATICOP_SUB expr
   52     | expr . TOKEN_ARITHMATICOP_MUL expr
   53     | expr . TOKEN_ARITHMATICOP_DIV expr
   54     | expr . TOKEN_ARITHMATICOP_REM expr
   55     | expr . TOKEN_RELATIONOP_SE expr
   56     | expr . TOKEN_RELATIONOP_S expr
   57     | expr . TOKEN_RELATIONOP_B expr
   58     | expr . TOKEN_RELATIONOP_BE expr
   59     | expr . TOKEN_EQUALITYOP_E expr
   60     | expr . TOKEN_EQUALITYOP_NE expr
   61     | expr . TOKEN_CONDITIONOP_AND expr
   61     | expr TOKEN_CONDITIONOP_AND expr .
   62     | expr . TOKEN_CONDITIONOP_OR expr

    TOKEN_ARITHMATICOP_ADD  shift, and go to state 102
    TOKEN_ARITHMATICOP_SUB  shift, and go to state 103
    TOKEN_ARITHMATICOP_DIV  shift, and go to state 104
    TOKEN_ARITHMATICOP_MUL  shift, and go to state 105
    TOKEN_ARITHMATICOP_REM  shift, and go to state 106
    TOKEN_RELATIONOP_SE     shift, and go to state 107
    TOKEN_RELATIONOP_S      shift, and go to state 108
    TOKEN_RELATIONOP_BE     shift, and go to state 109
    TOKEN_RELATIONOP_B      shift, and go to state 110
    TOKEN_EQUALITYOP_E      shift, and go to state 111
    TOKEN_EQUALITYOP_NE     shift, and go to state 112

    $default  reduce using rule 61 (expr)


State 139

   50 expr: expr . TOKEN_ARITHMATICOP_ADD expr
   51     | expr . TOKEN_ARITHMATICOP_SUB expr
   52     | expr . TOKEN_ARITHMATICOP_MUL expr
   53     | expr . TOKEN_ARITHMATICOP_DIV expr
   54     | expr . TOKEN_ARITHMATICOP_REM expr
   55     | expr . TOKEN_RELATIONOP_SE expr
   56     | expr . TOKEN_RELATIONOP_S expr
   57     | expr . TOKEN_RELATIONOP_B expr
   58     | expr . TOKEN_RELATIONOP_BE expr
   59     | expr . TOKEN_EQUALITYOP_E expr
   60     | expr . TOKEN_EQUALITYOP_NE expr
   61     | expr . TOKEN_CONDITIONOP_AND expr
   62     | expr . TOKEN_CONDITIONOP_OR expr
   62     | expr TOKEN_CONDITIONOP_OR expr .

    TOKEN_ARITHMATICOP_ADD  shift, and go to state 102
    TOKEN_ARITHMATICOP_SUB  shift, and go to state 103
    TOKEN_ARITHMATICOP_DIV  shift, and go to state 104
    TOKEN_ARITHMATICOP_MUL  shift, and go to state 105
    TOKEN_ARITHMATICOP_REM  shift, and go to state 106
    TOKEN_RELATIONOP_SE     shift, and go to state 107
    TOKEN_RELATIONOP_S      shift, and go to state 108
    TOKEN_RELATIONOP_BE     shift, and go to state 109
    TOKEN_RELATIONOP_B      shift, and go to state 110
    TOKEN_EQUALITYOP_E      shift, and go to state 111
    TOKEN_EQUALITYOP_NE     shift, and go to state 112
    TOKEN_CONDITIONOP_AND   shift, and go to state 113

    $default  reduce using rule 62 (expr)


State 140

   72 multi_callout_args: TOKEN_COMMA . multi_callout_args_inner

    TOKEN_ID                shift, and go to state 17
    TOKEN_LP                shift, and go to state 68
    TOKEN_CALLOUT           shift, and go to state 56
    TOKEN_ARITHMATICOP_SUB  shift, and go to state 69
    TOKEN_LOGICOP           shift, and go to state 70
    TOKEN_DECIMALCONST      shift, and go to state 32
    TOKEN_HEXADECIMALCONST  shift, and go to state 33
    TOKEN_BOOLEANCONST      shift, and go to state 71
    TOKEN_CHARCONST         shift, and go to state 72
    TOKEN_STRINGCONST       shift, and go to state 115

    location                  go to state 74
    expr                      go to state 149
    method_call               go to state 76
    multi_callout_args_inner  go to state 150
    callout_args              go to state 151
    literal                   go to state 77
    int_literal               go to state 78
    id                        go to state 61
    decimal_literal           go to state 35
    hex_literal               go to state 36
    bool_literal              go to state 79
    char_literal              go to state 80
    string_literal            go to state 152


State 141

   67 method_call: TOKEN_CALLOUT TOKEN_LP string_literal multi_callout_args . TOKEN_RP

    TOKEN_RP  shift, and go to state 153


State 142

   28 statement: location assign_op expr TOKEN_SEMICOLON .

    $default  reduce using rule 28 (statement)


State 143

   71 multi_expr_inner: expr TOKEN_COMMA . multi_expr_inner

    TOKEN_ID                shift, and go to state 17
    TOKEN_LP                shift, and go to state 68
    TOKEN_CALLOUT           shift, and go to state 56
    TOKEN_ARITHMATICOP_SUB  shift, and go to state 69
    TOKEN_LOGICOP           shift, and go to state 70
    TOKEN_DECIMALCONST      shift, and go to state 32
    TOKEN_HEXADECIMALCONST  shift, and go to state 33
    TOKEN_BOOLEANCONST      shift, and go to state 71
    TOKEN_CHARCONST         shift, and go to state 72

    location          go to state 74
    expr              go to state 118
    method_call       go to state 76
    multi_expr_inner  go to state 154
    literal           go to state 77
    int_literal       go to state 78
    id                go to state 61
    decimal_literal   go to state 35
    hex_literal       go to state 36
    bool_literal      go to state 79
    char_literal      go to state 80


State 144

   66 method_call: id TOKEN_LP multi_expr TOKEN_RP .

    $default  reduce using rule 66 (method_call)


State 145

   42 location_helper: TOKEN_LB expr TOKEN_RB .

    $default  reduce using rule 42 (location_helper)


State 146

   39 else_stmt: TOKEN_ELSECONDITION . block

    TOKEN_LCB  shift, and go to state 43

    block  go to state 155


State 147

   30 statement: TOKEN_IFCONDITION TOKEN_RP expr TOKEN_LP else_stmt .

    $default  reduce using rule 30 (statement)


State 148

   31 statement: TOKEN_LOOP id TOKEN_ASSIGNOP_ASS expr TOKEN_COMMA . expr block

    TOKEN_ID                shift, and go to state 17
    TOKEN_LP                shift, and go to state 68
    TOKEN_CALLOUT           shift, and go to state 56
    TOKEN_ARITHMATICOP_SUB  shift, and go to state 69
    TOKEN_LOGICOP           shift, and go to state 70
    TOKEN_DECIMALCONST      shift, and go to state 32
    TOKEN_HEXADECIMALCONST  shift, and go to state 33
    TOKEN_BOOLEANCONST      shift, and go to state 71
    TOKEN_CHARCONST         shift, and go to state 72

    location         go to state 74
    expr             go to state 156
    method_call      go to state 76
    literal          go to state 77
    int_literal      go to state 78
    id               go to state 61
    decimal_literal  go to state 35
    hex_literal      go to state 36
    bool_literal     go to state 79
    char_literal     go to state 80


State 149

   50 expr: expr . TOKEN_ARITHMATICOP_ADD expr
   51     | expr . TOKEN_ARITHMATICOP_SUB expr
   52     | expr . TOKEN_ARITHMATICOP_MUL expr
   53     | expr . TOKEN_ARITHMATICOP_DIV expr
   54     | expr . TOKEN_ARITHMATICOP_REM expr
   55     | expr . TOKEN_RELATIONOP_SE expr
   56     | expr . TOKEN_RELATIONOP_S expr
   57     | expr . TOKEN_RELATIONOP_B expr
   58     | expr . TOKEN_RELATIONOP_BE expr
   59     | expr . TOKEN_EQUALITYOP_E expr
   60     | expr . TOKEN_EQUALITYOP_NE expr
   61     | expr . TOKEN_CONDITIONOP_AND expr
   62     | expr . TOKEN_CONDITIONOP_OR expr
   76 callout_args: expr .

    TOKEN_ARITHMATICOP_ADD  shift, and go to state 102
    TOKEN_ARITHMATICOP_SUB  shift, and go to state 103
    TOKEN_ARITHMATICOP_DIV  shift, and go to state 104
    TOKEN_ARITHMATICOP_MUL  shift, and go to state 105
    TOKEN_ARITHMATICOP_REM  shift, and go to state 106
    TOKEN_RELATIONOP_SE     shift, and go to state 107
    TOKEN_RELATIONOP_S      shift, and go to state 108
    TOKEN_RELATIONOP_BE     shift, and go to state 109
    TOKEN_RELATIONOP_B      shift, and go to state 110
    TOKEN_EQUALITYOP_E      shift, and go to state 111
    TOKEN_EQUALITYOP_NE     shift, and go to state 112
    TOKEN_CONDITIONOP_AND   shift, and go to state 113
    TOKEN_CONDITIONOP_OR    shift, and go to state 114

    $default  reduce using rule 76 (callout_args)


State 150

   72 multi_callout_args: TOKEN_COMMA multi_callout_args_inner .

    $default  reduce using rule 72 (multi_callout_args)


State 151

   74 multi_callout_args_inner: callout_args .
   75                         | callout_args . TOKEN_COMMA multi_callout_args_inner

    TOKEN_COMMA  shift, and go to state 157

    $default  reduce using rule 74 (multi_callout_args_inner)


State 152

   77 callout_args: string_literal .

    $default  reduce using rule 77 (callout_args)


State 153

   67 method_call: TOKEN_CALLOUT TOKEN_LP string_literal multi_callout_args TOKEN_RP .

    $default  reduce using rule 67 (method_call)


State 154

   71 multi_expr_inner: expr TOKEN_COMMA multi_expr_inner .

    $default  reduce using rule 71 (multi_expr_inner)


State 155

   39 else_stmt: TOKEN_ELSECONDITION block .

    $default  reduce using rule 39 (else_stmt)


State 156

   31 statement: TOKEN_LOOP id TOKEN_ASSIGNOP_ASS expr TOKEN_COMMA expr . block
   50 expr: expr . TOKEN_ARITHMATICOP_ADD expr
   51     | expr . TOKEN_ARITHMATICOP_SUB expr
   52     | expr . TOKEN_ARITHMATICOP_MUL expr
   53     | expr . TOKEN_ARITHMATICOP_DIV expr
   54     | expr . TOKEN_ARITHMATICOP_REM expr
   55     | expr . TOKEN_RELATIONOP_SE expr
   56     | expr . TOKEN_RELATIONOP_S expr
   57     | expr . TOKEN_RELATIONOP_B expr
   58     | expr . TOKEN_RELATIONOP_BE expr
   59     | expr . TOKEN_EQUALITYOP_E expr
   60     | expr . TOKEN_EQUALITYOP_NE expr
   61     | expr . TOKEN_CONDITIONOP_AND expr
   62     | expr . TOKEN_CONDITIONOP_OR expr

    TOKEN_LCB               shift, and go to state 43
    TOKEN_ARITHMATICOP_ADD  shift, and go to state 102
    TOKEN_ARITHMATICOP_SUB  shift, and go to state 103
    TOKEN_ARITHMATICOP_DIV  shift, and go to state 104
    TOKEN_ARITHMATICOP_MUL  shift, and go to state 105
    TOKEN_ARITHMATICOP_REM  shift, and go to state 106
    TOKEN_RELATIONOP_SE     shift, and go to state 107
    TOKEN_RELATIONOP_S      shift, and go to state 108
    TOKEN_RELATIONOP_BE     shift, and go to state 109
    TOKEN_RELATIONOP_B      shift, and go to state 110
    TOKEN_EQUALITYOP_E      shift, and go to state 111
    TOKEN_EQUALITYOP_NE     shift, and go to state 112
    TOKEN_CONDITIONOP_AND   shift, and go to state 113
    TOKEN_CONDITIONOP_OR    shift, and go to state 114

    block  go to state 158


State 157

   75 multi_callout_args_inner: callout_args TOKEN_COMMA . multi_callout_args_inner

    TOKEN_ID                shift, and go to state 17
    TOKEN_LP                shift, and go to state 68
    TOKEN_CALLOUT           shift, and go to state 56
    TOKEN_ARITHMATICOP_SUB  shift, and go to state 69
    TOKEN_LOGICOP           shift, and go to state 70
    TOKEN_DECIMALCONST      shift, and go to state 32
    TOKEN_HEXADECIMALCONST  shift, and go to state 33
    TOKEN_BOOLEANCONST      shift, and go to state 71
    TOKEN_CHARCONST         shift, and go to state 72
    TOKEN_STRINGCONST       shift, and go to state 115

    location                  go to state 74
    expr                      go to state 149
    method_call               go to state 76
    multi_callout_args_inner  go to state 159
    callout_args              go to state 151
    literal                   go to state 77
    int_literal               go to state 78
    id                        go to state 61
    decimal_literal           go to state 35
    hex_literal               go to state 36
    bool_literal              go to state 79
    char_literal              go to state 80
    string_literal            go to state 152


State 158

   31 statement: TOKEN_LOOP id TOKEN_ASSIGNOP_ASS expr TOKEN_COMMA expr block .

    $default  reduce using rule 31 (statement)


State 159

   75 multi_callout_args_inner: callout_args TOKEN_COMMA multi_callout_args_inner .

    $default  reduce using rule 75 (multi_callout_args_inner)
